<?xml version="1.0" encoding="UTF-8"?>
<coverage generated="1681253908072" clover="3.2.0">
  <project timestamp="1681253908073" name="All files">
    <metrics statements="105" coveredstatements="105" conditionals="29" coveredconditionals="29" methods="51" coveredmethods="51" elements="185" coveredelements="185" complexity="0" loc="105" ncloc="105" packages="14" files="28" classes="28"/>
    <package name="Footer">
      <metrics statements="5" coveredstatements="5" conditionals="0" coveredconditionals="0" methods="2" coveredmethods="2"/>
      <file name="index.jsx" path="C:\Users\gamer\Desktop\Programas\Front-End\react\create-landing-pages\client\src\components\Footer\index.jsx">
        <metrics statements="3" coveredstatements="3" conditionals="0" coveredconditionals="0" methods="1" coveredmethods="1"/>
        <line num="6" count="3" type="stmt"/>
        <line num="7" count="3" type="stmt"/>
        <line num="16" count="3" type="stmt"/>
      </file>
      <file name="styles.js" path="C:\Users\gamer\Desktop\Programas\Front-End\react\create-landing-pages\client\src\components\Footer\styles.js">
        <metrics statements="2" coveredstatements="2" conditionals="0" coveredconditionals="0" methods="1" coveredmethods="1"/>
        <line num="5" count="3" type="stmt"/>
        <line num="6" count="3" type="stmt"/>
      </file>
    </package>
    <package name="GoTop">
      <metrics statements="4" coveredstatements="4" conditionals="0" coveredconditionals="0" methods="2" coveredmethods="2"/>
      <file name="index.jsx" path="C:\Users\gamer\Desktop\Programas\Front-End\react\create-landing-pages\client\src\components\GoTop\index.jsx">
        <metrics statements="2" coveredstatements="2" conditionals="0" coveredconditionals="0" methods="1" coveredmethods="1"/>
        <line num="4" count="3" type="stmt"/>
        <line num="5" count="3" type="stmt"/>
      </file>
      <file name="styles.js" path="C:\Users\gamer\Desktop\Programas\Front-End\react\create-landing-pages\client\src\components\GoTop\styles.js">
        <metrics statements="2" coveredstatements="2" conditionals="0" coveredconditionals="0" methods="1" coveredmethods="1"/>
        <line num="3" count="3" type="stmt"/>
        <line num="4" count="3" type="stmt"/>
      </file>
    </package>
    <package name="GridContent">
      <metrics statements="7" coveredstatements="7" conditionals="1" coveredconditionals="1" methods="3" coveredmethods="3"/>
      <file name="index.jsx" path="C:\Users\gamer\Desktop\Programas\Front-End\react\create-landing-pages\client\src\components\GridContent\index.jsx">
        <metrics statements="3" coveredstatements="3" conditionals="1" coveredconditionals="1" methods="1" coveredmethods="1"/>
        <line num="7" count="1" type="cond" truecount="1" falsecount="0"/>
        <line num="8" count="2" type="stmt"/>
        <line num="22" count="1" type="stmt"/>
      </file>
      <file name="styles.js" path="C:\Users\gamer\Desktop\Programas\Front-End\react\create-landing-pages\client\src\components\GridContent\styles.js">
        <metrics statements="4" coveredstatements="4" conditionals="0" coveredconditionals="0" methods="2" coveredmethods="2"/>
        <line num="3" count="1" type="stmt"/>
        <line num="4" count="2" type="stmt"/>
        <line num="11" count="1" type="stmt"/>
        <line num="12" count="2" type="stmt"/>
      </file>
    </package>
    <package name="GridImage">
      <metrics statements="12" coveredstatements="12" conditionals="1" coveredconditionals="1" methods="6" coveredmethods="6"/>
      <file name="index.jsx" path="C:\Users\gamer\Desktop\Programas\Front-End\react\create-landing-pages\client\src\components\GridImage\index.jsx">
        <metrics statements="4" coveredstatements="4" conditionals="1" coveredconditionals="1" methods="2" coveredmethods="2"/>
        <line num="7" count="1" type="cond" truecount="1" falsecount="0"/>
        <line num="8" count="2" type="stmt"/>
        <line num="17" count="12" type="stmt"/>
        <line num="27" count="1" type="stmt"/>
      </file>
      <file name="styles.js" path="C:\Users\gamer\Desktop\Programas\Front-End\react\create-landing-pages\client\src\components\GridImage\styles.js">
        <metrics statements="8" coveredstatements="8" conditionals="0" coveredconditionals="0" methods="4" coveredmethods="4"/>
        <line num="5" count="1" type="stmt"/>
        <line num="6" count="2" type="stmt"/>
        <line num="14" count="1" type="stmt"/>
        <line num="15" count="2" type="stmt"/>
        <line num="22" count="1" type="stmt"/>
        <line num="23" count="12" type="stmt"/>
        <line num="28" count="1" type="stmt"/>
        <line num="29" count="12" type="stmt"/>
      </file>
    </package>
    <package name="GridText">
      <metrics statements="10" coveredstatements="10" conditionals="1" coveredconditionals="1" methods="5" coveredmethods="5"/>
      <file name="index.jsx" path="C:\Users\gamer\Desktop\Programas\Front-End\react\create-landing-pages\client\src\components\GridText\index.jsx">
        <metrics statements="4" coveredstatements="4" conditionals="1" coveredconditionals="1" methods="2" coveredmethods="2"/>
        <line num="7" count="3" type="cond" truecount="1" falsecount="0"/>
        <line num="8" count="14" type="stmt"/>
        <line num="17" count="42" type="stmt"/>
        <line num="30" count="3" type="stmt"/>
      </file>
      <file name="styles.js" path="C:\Users\gamer\Desktop\Programas\Front-End\react\create-landing-pages\client\src\components\GridText\styles.js">
        <metrics statements="6" coveredstatements="6" conditionals="0" coveredconditionals="0" methods="3" coveredmethods="3"/>
        <line num="5" count="3" type="stmt"/>
        <line num="6" count="14" type="stmt"/>
        <line num="13" count="3" type="stmt"/>
        <line num="14" count="14" type="stmt"/>
        <line num="28" count="3" type="stmt"/>
        <line num="29" count="42" type="stmt"/>
      </file>
    </package>
    <package name="GridTwoColumns">
      <metrics statements="9" coveredstatements="9" conditionals="1" coveredconditionals="1" methods="3" coveredmethods="3"/>
      <file name="index.jsx" path="C:\Users\gamer\Desktop\Programas\Front-End\react\create-landing-pages\client\src\components\GridTwoColumns\index.jsx">
        <metrics statements="3" coveredstatements="3" conditionals="1" coveredconditionals="1" methods="1" coveredmethods="1"/>
        <line num="7" count="1" type="cond" truecount="1" falsecount="0"/>
        <line num="8" count="1" type="stmt"/>
        <line num="25" count="1" type="stmt"/>
      </file>
      <file name="styles.js" path="C:\Users\gamer\Desktop\Programas\Front-End\react\create-landing-pages\client\src\components\GridTwoColumns\styles.js">
        <metrics statements="6" coveredstatements="6" conditionals="0" coveredconditionals="0" methods="2" coveredmethods="2"/>
        <line num="4" count="1" type="stmt"/>
        <line num="5" count="1" type="stmt"/>
        <line num="22" count="1" type="stmt"/>
        <line num="23" count="1" type="stmt"/>
        <line num="30" count="1" type="stmt"/>
        <line num="32" count="1" type="stmt"/>
      </file>
    </package>
    <package name="Heading">
      <metrics statements="12" coveredstatements="12" conditionals="8" coveredconditionals="8" methods="8" coveredmethods="8"/>
      <file name="index.jsx" path="C:\Users\gamer\Desktop\Programas\Front-End\react\create-landing-pages\client\src\components\Heading\index.jsx">
        <metrics statements="3" coveredstatements="3" conditionals="4" coveredconditionals="4" methods="1" coveredmethods="1"/>
        <line num="4" count="9" type="stmt"/>
        <line num="11" count="83" type="stmt"/>
        <line num="18" count="9" type="stmt"/>
      </file>
      <file name="styles.js" path="C:\Users\gamer\Desktop\Programas\Front-End\react\create-landing-pages\client\src\components\Heading\styles.js">
        <metrics statements="9" coveredstatements="9" conditionals="4" coveredconditionals="4" methods="7" coveredmethods="7"/>
        <line num="3" count="9" type="stmt"/>
        <line num="4" count="56" type="stmt"/>
        <line num="7" count="1" type="stmt"/>
        <line num="10" count="1" type="stmt"/>
        <line num="13" count="25" type="stmt"/>
        <line num="19" count="25" type="stmt"/>
        <line num="25" count="83" type="stmt"/>
        <line num="29" count="9" type="stmt"/>
        <line num="30" count="83" type="stmt"/>
      </file>
    </package>
    <package name="LogoLink">
      <metrics statements="5" coveredstatements="5" conditionals="5" coveredconditionals="5" methods="2" coveredmethods="2"/>
      <file name="index.jsx" path="C:\Users\gamer\Desktop\Programas\Front-End\react\create-landing-pages\client\src\components\LogoLink\index.jsx">
        <metrics statements="3" coveredstatements="3" conditionals="5" coveredconditionals="5" methods="1" coveredmethods="1"/>
        <line num="5" count="4" type="cond" truecount="1" falsecount="0"/>
        <line num="6" count="13" type="stmt"/>
        <line num="16" count="4" type="stmt"/>
      </file>
      <file name="styles.js" path="C:\Users\gamer\Desktop\Programas\Front-End\react\create-landing-pages\client\src\components\LogoLink\styles.js">
        <metrics statements="2" coveredstatements="2" conditionals="0" coveredconditionals="0" methods="1" coveredmethods="1"/>
        <line num="3" count="4" type="stmt"/>
        <line num="4" count="13" type="stmt"/>
      </file>
    </package>
    <package name="Menu">
      <metrics statements="13" coveredstatements="13" conditionals="5" coveredconditionals="5" methods="8" coveredmethods="8"/>
      <file name="index.jsx" path="C:\Users\gamer\Desktop\Programas\Front-End\react\create-landing-pages\client\src\components\Menu\index.jsx">
        <metrics statements="6" coveredstatements="6" conditionals="3" coveredconditionals="3" methods="4" coveredmethods="4"/>
        <line num="10" count="3" type="cond" truecount="1" falsecount="0"/>
        <line num="11" count="10" type="stmt"/>
        <line num="12" count="10" type="stmt"/>
        <line num="15" count="3" type="stmt"/>
        <line num="24" count="1" type="stmt"/>
        <line num="36" count="3" type="stmt"/>
      </file>
      <file name="styles.js" path="C:\Users\gamer\Desktop\Programas\Front-End\react\create-landing-pages\client\src\components\Menu\styles.js">
        <metrics statements="7" coveredstatements="7" conditionals="2" coveredconditionals="2" methods="4" coveredmethods="4"/>
        <line num="6" count="3" type="stmt"/>
        <line num="11" count="3" type="stmt"/>
        <line num="12" count="10" type="stmt"/>
        <line num="58" count="3" type="stmt"/>
        <line num="59" count="10" type="stmt"/>
        <line num="71" count="3" type="stmt"/>
        <line num="72" count="10" type="stmt"/>
      </file>
    </package>
    <package name="MenuLink">
      <metrics statements="6" coveredstatements="6" conditionals="3" coveredconditionals="3" methods="2" coveredmethods="2"/>
      <file name="index.jsx" path="C:\Users\gamer\Desktop\Programas\Front-End\react\create-landing-pages\client\src\components\MenuLink\index.jsx">
        <metrics statements="4" coveredstatements="4" conditionals="3" coveredconditionals="3" methods="1" coveredmethods="1"/>
        <line num="4" count="5" type="cond" truecount="1" falsecount="0"/>
        <line num="5" count="123" type="cond" truecount="2" falsecount="0"/>
        <line num="6" count="123" type="stmt"/>
        <line num="13" count="5" type="stmt"/>
      </file>
      <file name="styles.js" path="C:\Users\gamer\Desktop\Programas\Front-End\react\create-landing-pages\client\src\components\MenuLink\styles.js">
        <metrics statements="2" coveredstatements="2" conditionals="0" coveredconditionals="0" methods="1" coveredmethods="1"/>
        <line num="3" count="5" type="stmt"/>
        <line num="4" count="123" type="stmt"/>
      </file>
    </package>
    <package name="NavLinks">
      <metrics statements="6" coveredstatements="6" conditionals="1" coveredconditionals="1" methods="3" coveredmethods="3"/>
      <file name="index.jsx" path="C:\Users\gamer\Desktop\Programas\Front-End\react\create-landing-pages\client\src\components\NavLinks\index.jsx">
        <metrics statements="4" coveredstatements="4" conditionals="1" coveredconditionals="1" methods="2" coveredmethods="2"/>
        <line num="5" count="4" type="cond" truecount="1" falsecount="0"/>
        <line num="6" count="14" type="stmt"/>
        <line num="9" count="120" type="stmt"/>
        <line num="15" count="4" type="stmt"/>
      </file>
      <file name="styles.js" path="C:\Users\gamer\Desktop\Programas\Front-End\react\create-landing-pages\client\src\components\NavLinks\styles.js">
        <metrics statements="2" coveredstatements="2" conditionals="0" coveredconditionals="0" methods="1" coveredmethods="1"/>
        <line num="3" count="4" type="stmt"/>
        <line num="4" count="14" type="stmt"/>
      </file>
    </package>
    <package name="SectionBackground">
      <metrics statements="6" coveredstatements="6" conditionals="3" coveredconditionals="3" methods="3" coveredmethods="3"/>
      <file name="index.jsx" path="C:\Users\gamer\Desktop\Programas\Front-End\react\create-landing-pages\client\src\components\SectionBackground\index.jsx">
        <metrics statements="3" coveredstatements="3" conditionals="1" coveredconditionals="1" methods="1" coveredmethods="1"/>
        <line num="5" count="7" type="cond" truecount="1" falsecount="0"/>
        <line num="6" count="21" type="stmt"/>
        <line num="13" count="7" type="stmt"/>
      </file>
      <file name="styles.js" path="C:\Users\gamer\Desktop\Programas\Front-End\react\create-landing-pages\client\src\components\SectionBackground\styles.js">
        <metrics statements="3" coveredstatements="3" conditionals="2" coveredconditionals="2" methods="2" coveredmethods="2"/>
        <line num="3" count="7" type="stmt"/>
        <line num="8" count="7" type="stmt"/>
        <line num="9" count="21" type="stmt"/>
      </file>
    </package>
    <package name="SectionContainer">
      <metrics statements="5" coveredstatements="5" conditionals="0" coveredconditionals="0" methods="2" coveredmethods="2"/>
      <file name="index.jsx" path="C:\Users\gamer\Desktop\Programas\Front-End\react\create-landing-pages\client\src\components\SectionContainer\index.jsx">
        <metrics statements="3" coveredstatements="3" conditionals="0" coveredconditionals="0" methods="1" coveredmethods="1"/>
        <line num="4" count="10" type="stmt"/>
        <line num="5" count="35" type="stmt"/>
        <line num="8" count="10" type="stmt"/>
      </file>
      <file name="styles.js" path="C:\Users\gamer\Desktop\Programas\Front-End\react\create-landing-pages\client\src\components\SectionContainer\styles.js">
        <metrics statements="2" coveredstatements="2" conditionals="0" coveredconditionals="0" methods="1" coveredmethods="1"/>
        <line num="3" count="10" type="stmt"/>
        <line num="4" count="35" type="stmt"/>
      </file>
    </package>
    <package name="TextComponent">
      <metrics statements="5" coveredstatements="5" conditionals="0" coveredconditionals="0" methods="2" coveredmethods="2"/>
      <file name="index.jsx" path="C:\Users\gamer\Desktop\Programas\Front-End\react\create-landing-pages\client\src\components\TextComponent\index.jsx">
        <metrics statements="3" coveredstatements="3" conditionals="0" coveredconditionals="0" methods="1" coveredmethods="1"/>
        <line num="4" count="8" type="stmt"/>
        <line num="5" count="66" type="stmt"/>
        <line num="8" count="8" type="stmt"/>
      </file>
      <file name="styles.js" path="C:\Users\gamer\Desktop\Programas\Front-End\react\create-landing-pages\client\src\components\TextComponent\styles.js">
        <metrics statements="2" coveredstatements="2" conditionals="0" coveredconditionals="0" methods="1" coveredmethods="1"/>
        <line num="3" count="8" type="stmt"/>
        <line num="4" count="66" type="stmt"/>
      </file>
    </package>
  </project>
</coverage>
