<?xml version="1.0" encoding="UTF-8"?>
<coverage generated="1681731604047" clover="3.2.0">
  <project timestamp="1681731604048" name="All files">
    <metrics statements="152" coveredstatements="145" conditionals="115" coveredconditionals="102" methods="67" coveredmethods="64" elements="334" coveredelements="311" complexity="0" loc="152" ncloc="152" packages="15" files="32" classes="32"/>
    <package name="api">
      <metrics statements="47" coveredstatements="40" conditionals="81" coveredconditionals="68" methods="16" coveredmethods="13"/>
      <file name="mapData.js" path="C:\Users\gamer\Desktop\Programas\Front-End\react\create-landing-pages\client\src\api\mapData.js">
        <metrics statements="4" coveredstatements="4" conditionals="6" coveredconditionals="6" methods="2" coveredmethods="2"/>
        <line num="4" count="1" type="cond" truecount="1" falsecount="0"/>
        <line num="5" count="2" type="stmt"/>
        <line num="12" count="2" type="stmt"/>
        <line num="14" count="2" type="stmt"/>
      </file>
      <file name="mapMenu.js" path="C:\Users\gamer\Desktop\Programas\Front-End\react\create-landing-pages\client\src\api\mapMenu.js">
        <metrics statements="7" coveredstatements="0" conditionals="11" coveredconditionals="0" methods="3" coveredmethods="0"/>
        <line num="1" count="0" type="cond" truecount="0" falsecount="1"/>
        <line num="12" count="0" type="stmt"/>
        <line num="14" count="0" type="stmt"/>
        <line num="23" count="0" type="cond" truecount="0" falsecount="1"/>
        <line num="24" count="0" type="stmt"/>
        <line num="29" count="0" type="stmt"/>
        <line num="31" count="0" type="stmt"/>
      </file>
      <file name="mapSections.js" path="C:\Users\gamer\Desktop\Programas\Front-End\react\create-landing-pages\client\src\api\mapSections.js">
        <metrics statements="29" coveredstatements="29" conditionals="51" coveredconditionals="49" methods="8" coveredmethods="8"/>
        <line num="1" count="2" type="cond" truecount="1" falsecount="0"/>
        <line num="2" count="7" type="stmt"/>
        <line num="3" count="7" type="cond" truecount="2" falsecount="0"/>
        <line num="4" count="1" type="stmt"/>
        <line num="6" count="6" type="cond" truecount="2" falsecount="0"/>
        <line num="7" count="1" type="stmt"/>
        <line num="10" count="5" type="cond" truecount="2" falsecount="0"/>
        <line num="11" count="4" type="cond" truecount="2" falsecount="0"/>
        <line num="13" count="4" type="cond" truecount="2" falsecount="0"/>
        <line num="14" count="2" type="stmt"/>
        <line num="16" count="2" type="cond" truecount="2" falsecount="0"/>
        <line num="17" count="1" type="stmt"/>
        <line num="20" count="2" type="stmt"/>
        <line num="24" count="2" type="cond" truecount="1" falsecount="0"/>
        <line num="31" count="3" type="stmt"/>
        <line num="33" count="3" type="stmt"/>
        <line num="43" count="2" type="cond" truecount="1" falsecount="0"/>
        <line num="49" count="3" type="stmt"/>
        <line num="51" count="3" type="stmt"/>
        <line num="60" count="2" type="cond" truecount="1" falsecount="0"/>
        <line num="67" count="4" type="stmt"/>
        <line num="69" count="4" type="stmt"/>
        <line num="76" count="6" type="cond" truecount="2" falsecount="0"/>
        <line num="77" count="6" type="stmt"/>
        <line num="85" count="2" type="cond" truecount="1" falsecount="0"/>
        <line num="92" count="3" type="stmt"/>
        <line num="94" count="3" type="stmt"/>
        <line num="102" count="2" type="stmt"/>
        <line num="103" count="2" type="stmt"/>
      </file>
      <file name="map_menu.js" path="C:\Users\gamer\Desktop\Programas\Front-End\react\create-landing-pages\client\src\api\map_menu.js">
        <metrics statements="7" coveredstatements="7" conditionals="13" coveredconditionals="13" methods="3" coveredmethods="3"/>
        <line num="1" count="2" type="cond" truecount="1" falsecount="0"/>
        <line num="8" count="4" type="stmt"/>
        <line num="10" count="4" type="stmt"/>
        <line num="19" count="2" type="cond" truecount="1" falsecount="0"/>
        <line num="20" count="6" type="stmt"/>
        <line num="25" count="4" type="stmt"/>
        <line num="27" count="4" type="stmt"/>
      </file>
    </package>
    <package name="components.Footer">
      <metrics statements="5" coveredstatements="5" conditionals="0" coveredconditionals="0" methods="2" coveredmethods="2"/>
      <file name="index.jsx" path="C:\Users\gamer\Desktop\Programas\Front-End\react\create-landing-pages\client\src\components\Footer\index.jsx">
        <metrics statements="3" coveredstatements="3" conditionals="0" coveredconditionals="0" methods="1" coveredmethods="1"/>
        <line num="6" count="1" type="stmt"/>
        <line num="7" count="1" type="stmt"/>
        <line num="16" count="1" type="stmt"/>
      </file>
      <file name="styles.js" path="C:\Users\gamer\Desktop\Programas\Front-End\react\create-landing-pages\client\src\components\Footer\styles.js">
        <metrics statements="2" coveredstatements="2" conditionals="0" coveredconditionals="0" methods="1" coveredmethods="1"/>
        <line num="5" count="1" type="stmt"/>
        <line num="6" count="1" type="stmt"/>
      </file>
    </package>
    <package name="components.GoTop">
      <metrics statements="4" coveredstatements="4" conditionals="0" coveredconditionals="0" methods="2" coveredmethods="2"/>
      <file name="index.jsx" path="C:\Users\gamer\Desktop\Programas\Front-End\react\create-landing-pages\client\src\components\GoTop\index.jsx">
        <metrics statements="2" coveredstatements="2" conditionals="0" coveredconditionals="0" methods="1" coveredmethods="1"/>
        <line num="4" count="1" type="stmt"/>
        <line num="5" count="1" type="stmt"/>
      </file>
      <file name="styles.js" path="C:\Users\gamer\Desktop\Programas\Front-End\react\create-landing-pages\client\src\components\GoTop\styles.js">
        <metrics statements="2" coveredstatements="2" conditionals="0" coveredconditionals="0" methods="1" coveredmethods="1"/>
        <line num="3" count="1" type="stmt"/>
        <line num="4" count="1" type="stmt"/>
      </file>
    </package>
    <package name="components.GridContent">
      <metrics statements="7" coveredstatements="7" conditionals="2" coveredconditionals="2" methods="3" coveredmethods="3"/>
      <file name="index.jsx" path="C:\Users\gamer\Desktop\Programas\Front-End\react\create-landing-pages\client\src\components\GridContent\index.jsx">
        <metrics statements="3" coveredstatements="3" conditionals="2" coveredconditionals="2" methods="1" coveredmethods="1"/>
        <line num="7" count="1" type="cond" truecount="2" falsecount="0"/>
        <line num="8" count="2" type="stmt"/>
        <line num="22" count="1" type="stmt"/>
      </file>
      <file name="styles.js" path="C:\Users\gamer\Desktop\Programas\Front-End\react\create-landing-pages\client\src\components\GridContent\styles.js">
        <metrics statements="4" coveredstatements="4" conditionals="0" coveredconditionals="0" methods="2" coveredmethods="2"/>
        <line num="3" count="1" type="stmt"/>
        <line num="4" count="2" type="stmt"/>
        <line num="11" count="1" type="stmt"/>
        <line num="12" count="2" type="stmt"/>
      </file>
    </package>
    <package name="components.GridImage">
      <metrics statements="12" coveredstatements="12" conditionals="2" coveredconditionals="2" methods="6" coveredmethods="6"/>
      <file name="index.jsx" path="C:\Users\gamer\Desktop\Programas\Front-End\react\create-landing-pages\client\src\components\GridImage\index.jsx">
        <metrics statements="4" coveredstatements="4" conditionals="2" coveredconditionals="2" methods="2" coveredmethods="2"/>
        <line num="7" count="1" type="stmt"/>
        <line num="14" count="2" type="stmt"/>
        <line num="23" count="12" type="stmt"/>
        <line num="33" count="1" type="stmt"/>
      </file>
      <file name="styles.js" path="C:\Users\gamer\Desktop\Programas\Front-End\react\create-landing-pages\client\src\components\GridImage\styles.js">
        <metrics statements="8" coveredstatements="8" conditionals="0" coveredconditionals="0" methods="4" coveredmethods="4"/>
        <line num="5" count="1" type="stmt"/>
        <line num="6" count="2" type="stmt"/>
        <line num="13" count="1" type="stmt"/>
        <line num="14" count="2" type="stmt"/>
        <line num="25" count="1" type="stmt"/>
        <line num="26" count="12" type="stmt"/>
        <line num="31" count="1" type="stmt"/>
        <line num="32" count="12" type="stmt"/>
      </file>
    </package>
    <package name="components.GridText">
      <metrics statements="10" coveredstatements="10" conditionals="2" coveredconditionals="2" methods="5" coveredmethods="5"/>
      <file name="index.jsx" path="C:\Users\gamer\Desktop\Programas\Front-End\react\create-landing-pages\client\src\components\GridText\index.jsx">
        <metrics statements="4" coveredstatements="4" conditionals="2" coveredconditionals="2" methods="2" coveredmethods="2"/>
        <line num="7" count="1" type="stmt"/>
        <line num="14" count="2" type="stmt"/>
        <line num="23" count="6" type="stmt"/>
        <line num="36" count="1" type="stmt"/>
      </file>
      <file name="styles.js" path="C:\Users\gamer\Desktop\Programas\Front-End\react\create-landing-pages\client\src\components\GridText\styles.js">
        <metrics statements="6" coveredstatements="6" conditionals="0" coveredconditionals="0" methods="3" coveredmethods="3"/>
        <line num="5" count="1" type="stmt"/>
        <line num="6" count="2" type="stmt"/>
        <line num="13" count="1" type="stmt"/>
        <line num="14" count="2" type="stmt"/>
        <line num="28" count="1" type="stmt"/>
        <line num="29" count="6" type="stmt"/>
      </file>
    </package>
    <package name="components.GridTwoColumns">
      <metrics statements="9" coveredstatements="9" conditionals="2" coveredconditionals="2" methods="3" coveredmethods="3"/>
      <file name="index.jsx" path="C:\Users\gamer\Desktop\Programas\Front-End\react\create-landing-pages\client\src\components\GridTwoColumns\index.jsx">
        <metrics statements="3" coveredstatements="3" conditionals="2" coveredconditionals="2" methods="1" coveredmethods="1"/>
        <line num="7" count="1" type="stmt"/>
        <line num="14" count="1" type="stmt"/>
        <line num="31" count="1" type="stmt"/>
      </file>
      <file name="styles.js" path="C:\Users\gamer\Desktop\Programas\Front-End\react\create-landing-pages\client\src\components\GridTwoColumns\styles.js">
        <metrics statements="6" coveredstatements="6" conditionals="0" coveredconditionals="0" methods="2" coveredmethods="2"/>
        <line num="4" count="1" type="stmt"/>
        <line num="5" count="1" type="stmt"/>
        <line num="22" count="1" type="stmt"/>
        <line num="23" count="1" type="stmt"/>
        <line num="30" count="1" type="stmt"/>
        <line num="32" count="1" type="stmt"/>
      </file>
    </package>
    <package name="components.Heading">
      <metrics statements="12" coveredstatements="12" conditionals="8" coveredconditionals="8" methods="8" coveredmethods="8"/>
      <file name="index.jsx" path="C:\Users\gamer\Desktop\Programas\Front-End\react\create-landing-pages\client\src\components\Heading\index.jsx">
        <metrics statements="3" coveredstatements="3" conditionals="4" coveredconditionals="4" methods="1" coveredmethods="1"/>
        <line num="4" count="7" type="stmt"/>
        <line num="11" count="33" type="stmt"/>
        <line num="18" count="7" type="stmt"/>
      </file>
      <file name="styles.js" path="C:\Users\gamer\Desktop\Programas\Front-End\react\create-landing-pages\client\src\components\Heading\styles.js">
        <metrics statements="9" coveredstatements="9" conditionals="4" coveredconditionals="4" methods="7" coveredmethods="7"/>
        <line num="3" count="7" type="stmt"/>
        <line num="4" count="18" type="stmt"/>
        <line num="7" count="1" type="stmt"/>
        <line num="10" count="1" type="stmt"/>
        <line num="13" count="13" type="stmt"/>
        <line num="19" count="13" type="stmt"/>
        <line num="25" count="33" type="stmt"/>
        <line num="29" count="7" type="stmt"/>
        <line num="30" count="33" type="stmt"/>
      </file>
    </package>
    <package name="components.LogoLink">
      <metrics statements="5" coveredstatements="5" conditionals="5" coveredconditionals="5" methods="2" coveredmethods="2"/>
      <file name="index.jsx" path="C:\Users\gamer\Desktop\Programas\Front-End\react\create-landing-pages\client\src\components\LogoLink\index.jsx">
        <metrics statements="3" coveredstatements="3" conditionals="5" coveredconditionals="5" methods="1" coveredmethods="1"/>
        <line num="5" count="2" type="cond" truecount="1" falsecount="0"/>
        <line num="6" count="11" type="stmt"/>
        <line num="16" count="2" type="stmt"/>
      </file>
      <file name="styles.js" path="C:\Users\gamer\Desktop\Programas\Front-End\react\create-landing-pages\client\src\components\LogoLink\styles.js">
        <metrics statements="2" coveredstatements="2" conditionals="0" coveredconditionals="0" methods="1" coveredmethods="1"/>
        <line num="3" count="2" type="stmt"/>
        <line num="4" count="11" type="stmt"/>
      </file>
    </package>
    <package name="components.Menu">
      <metrics statements="13" coveredstatements="13" conditionals="5" coveredconditionals="5" methods="8" coveredmethods="8"/>
      <file name="index.jsx" path="C:\Users\gamer\Desktop\Programas\Front-End\react\create-landing-pages\client\src\components\Menu\index.jsx">
        <metrics statements="6" coveredstatements="6" conditionals="3" coveredconditionals="3" methods="4" coveredmethods="4"/>
        <line num="10" count="1" type="cond" truecount="1" falsecount="0"/>
        <line num="11" count="8" type="stmt"/>
        <line num="12" count="8" type="stmt"/>
        <line num="15" count="3" type="stmt"/>
        <line num="24" count="1" type="stmt"/>
        <line num="36" count="1" type="stmt"/>
      </file>
      <file name="styles.js" path="C:\Users\gamer\Desktop\Programas\Front-End\react\create-landing-pages\client\src\components\Menu\styles.js">
        <metrics statements="7" coveredstatements="7" conditionals="2" coveredconditionals="2" methods="4" coveredmethods="4"/>
        <line num="6" count="2" type="stmt"/>
        <line num="11" count="1" type="stmt"/>
        <line num="12" count="8" type="stmt"/>
        <line num="58" count="1" type="stmt"/>
        <line num="59" count="8" type="stmt"/>
        <line num="71" count="1" type="stmt"/>
        <line num="72" count="8" type="stmt"/>
      </file>
    </package>
    <package name="components.MenuLink">
      <metrics statements="6" coveredstatements="6" conditionals="3" coveredconditionals="3" methods="2" coveredmethods="2"/>
      <file name="index.jsx" path="C:\Users\gamer\Desktop\Programas\Front-End\react\create-landing-pages\client\src\components\MenuLink\index.jsx">
        <metrics statements="4" coveredstatements="4" conditionals="3" coveredconditionals="3" methods="1" coveredmethods="1"/>
        <line num="4" count="3" type="cond" truecount="1" falsecount="0"/>
        <line num="5" count="103" type="cond" truecount="2" falsecount="0"/>
        <line num="6" count="103" type="stmt"/>
        <line num="13" count="3" type="stmt"/>
      </file>
      <file name="styles.js" path="C:\Users\gamer\Desktop\Programas\Front-End\react\create-landing-pages\client\src\components\MenuLink\styles.js">
        <metrics statements="2" coveredstatements="2" conditionals="0" coveredconditionals="0" methods="1" coveredmethods="1"/>
        <line num="3" count="3" type="stmt"/>
        <line num="4" count="103" type="stmt"/>
      </file>
    </package>
    <package name="components.NavLinks">
      <metrics statements="6" coveredstatements="6" conditionals="1" coveredconditionals="1" methods="3" coveredmethods="3"/>
      <file name="index.jsx" path="C:\Users\gamer\Desktop\Programas\Front-End\react\create-landing-pages\client\src\components\NavLinks\index.jsx">
        <metrics statements="4" coveredstatements="4" conditionals="1" coveredconditionals="1" methods="2" coveredmethods="2"/>
        <line num="5" count="2" type="cond" truecount="1" falsecount="0"/>
        <line num="6" count="12" type="stmt"/>
        <line num="9" count="100" type="stmt"/>
        <line num="15" count="2" type="stmt"/>
      </file>
      <file name="styles.js" path="C:\Users\gamer\Desktop\Programas\Front-End\react\create-landing-pages\client\src\components\NavLinks\styles.js">
        <metrics statements="2" coveredstatements="2" conditionals="0" coveredconditionals="0" methods="1" coveredmethods="1"/>
        <line num="3" count="2" type="stmt"/>
        <line num="4" count="12" type="stmt"/>
      </file>
    </package>
    <package name="components.SectionBackground">
      <metrics statements="6" coveredstatements="6" conditionals="4" coveredconditionals="4" methods="3" coveredmethods="3"/>
      <file name="index.jsx" path="C:\Users\gamer\Desktop\Programas\Front-End\react\create-landing-pages\client\src\components\SectionBackground\index.jsx">
        <metrics statements="3" coveredstatements="3" conditionals="2" coveredconditionals="2" methods="1" coveredmethods="1"/>
        <line num="5" count="5" type="stmt"/>
        <line num="10" count="9" type="stmt"/>
        <line num="17" count="5" type="stmt"/>
      </file>
      <file name="styles.js" path="C:\Users\gamer\Desktop\Programas\Front-End\react\create-landing-pages\client\src\components\SectionBackground\styles.js">
        <metrics statements="3" coveredstatements="3" conditionals="2" coveredconditionals="2" methods="2" coveredmethods="2"/>
        <line num="3" count="5" type="stmt"/>
        <line num="8" count="5" type="stmt"/>
        <line num="9" count="9" type="stmt"/>
      </file>
    </package>
    <package name="components.SectionContainer">
      <metrics statements="5" coveredstatements="5" conditionals="0" coveredconditionals="0" methods="2" coveredmethods="2"/>
      <file name="index.jsx" path="C:\Users\gamer\Desktop\Programas\Front-End\react\create-landing-pages\client\src\components\SectionContainer\index.jsx">
        <metrics statements="3" coveredstatements="3" conditionals="0" coveredconditionals="0" methods="1" coveredmethods="1"/>
        <line num="4" count="8" type="stmt"/>
        <line num="5" count="19" type="stmt"/>
        <line num="8" count="8" type="stmt"/>
      </file>
      <file name="styles.js" path="C:\Users\gamer\Desktop\Programas\Front-End\react\create-landing-pages\client\src\components\SectionContainer\styles.js">
        <metrics statements="2" coveredstatements="2" conditionals="0" coveredconditionals="0" methods="1" coveredmethods="1"/>
        <line num="3" count="8" type="stmt"/>
        <line num="4" count="19" type="stmt"/>
      </file>
    </package>
    <package name="components.TextComponent">
      <metrics statements="5" coveredstatements="5" conditionals="0" coveredconditionals="0" methods="2" coveredmethods="2"/>
      <file name="index.jsx" path="C:\Users\gamer\Desktop\Programas\Front-End\react\create-landing-pages\client\src\components\TextComponent\index.jsx">
        <metrics statements="3" coveredstatements="3" conditionals="0" coveredconditionals="0" methods="1" coveredmethods="1"/>
        <line num="4" count="6" type="stmt"/>
        <line num="5" count="16" type="stmt"/>
        <line num="8" count="6" type="stmt"/>
      </file>
      <file name="styles.js" path="C:\Users\gamer\Desktop\Programas\Front-End\react\create-landing-pages\client\src\components\TextComponent\styles.js">
        <metrics statements="2" coveredstatements="2" conditionals="0" coveredconditionals="0" methods="1" coveredmethods="1"/>
        <line num="3" count="6" type="stmt"/>
        <line num="4" count="16" type="stmt"/>
      </file>
    </package>
  </project>
</coverage>
