{"C:\\Users\\gamer\\Desktop\\Programas\\Front-End\\react\\create-landing-pages\\client\\src\\components\\Footer\\index.jsx": {"path":"C:\\Users\\gamer\\Desktop\\Programas\\Front-End\\react\\create-landing-pages\\client\\src\\components\\Footer\\index.jsx","statementMap":{"0":{"start":{"line":6,"column":15},"end":{"line":14,"column":1}},"1":{"start":{"line":7,"column":2},"end":{"line":13,"column":4}},"2":{"start":{"line":16,"column":0},"end":{"line":18,"column":2}}},"fnMap":{"0":{"name":"(anonymous_0)","decl":{"start":{"line":6,"column":15},"end":{"line":6,"column":16}},"loc":{"start":{"line":6,"column":29},"end":{"line":14,"column":1}},"line":6}},"branchMap":{},"s":{"0":3,"1":3,"2":3},"f":{"0":3},"b":{},"_coverageSchema":"1a1c01bbd47fc00a2c39e90264f33305004495a9","hash":"66b61ca79b79f9d6f2e56ba2358b2de5a7534e39"}
,"C:\\Users\\gamer\\Desktop\\Programas\\Front-End\\react\\create-landing-pages\\client\\src\\components\\Footer\\styles.js": {"path":"C:\\Users\\gamer\\Desktop\\Programas\\Front-End\\react\\create-landing-pages\\client\\src\\components\\Footer\\styles.js","statementMap":{"0":{"start":{"line":5,"column":25},"end":{"line":22,"column":1}},"1":{"start":{"line":6,"column":19},"end":{"line":21,"column":3}}},"fnMap":{"0":{"name":"(anonymous_0)","decl":{"start":{"line":6,"column":4},"end":{"line":6,"column":5}},"loc":{"start":{"line":6,"column":19},"end":{"line":21,"column":3}},"line":6}},"branchMap":{},"s":{"0":3,"1":3},"f":{"0":3},"b":{},"_coverageSchema":"1a1c01bbd47fc00a2c39e90264f33305004495a9","hash":"d0e29c5b4db59f11d076fff3333d282d32197b86"}
,"C:\\Users\\gamer\\Desktop\\Programas\\Front-End\\react\\create-landing-pages\\client\\src\\components\\GoTop\\index.jsx": {"path":"C:\\Users\\gamer\\Desktop\\Programas\\Front-End\\react\\create-landing-pages\\client\\src\\components\\GoTop\\index.jsx","statementMap":{"0":{"start":{"line":4,"column":14},"end":{"line":10,"column":1}},"1":{"start":{"line":5,"column":2},"end":{"line":9,"column":4}}},"fnMap":{"0":{"name":"(anonymous_0)","decl":{"start":{"line":4,"column":14},"end":{"line":4,"column":15}},"loc":{"start":{"line":4,"column":20},"end":{"line":10,"column":1}},"line":4}},"branchMap":{},"s":{"0":3,"1":3},"f":{"0":3},"b":{},"_coverageSchema":"1a1c01bbd47fc00a2c39e90264f33305004495a9","hash":"cc3c87508da68044c47e914617e7e1894190ba4b"}
,"C:\\Users\\gamer\\Desktop\\Programas\\Front-End\\react\\create-landing-pages\\client\\src\\components\\GoTop\\styles.js": {"path":"C:\\Users\\gamer\\Desktop\\Programas\\Front-End\\react\\create-landing-pages\\client\\src\\components\\GoTop\\styles.js","statementMap":{"0":{"start":{"line":3,"column":25},"end":{"line":18,"column":1}},"1":{"start":{"line":4,"column":19},"end":{"line":17,"column":3}}},"fnMap":{"0":{"name":"(anonymous_0)","decl":{"start":{"line":4,"column":4},"end":{"line":4,"column":5}},"loc":{"start":{"line":4,"column":19},"end":{"line":17,"column":3}},"line":4}},"branchMap":{},"s":{"0":3,"1":3},"f":{"0":3},"b":{},"_coverageSchema":"1a1c01bbd47fc00a2c39e90264f33305004495a9","hash":"c990577604e2ab6c92109250348d5d8cd335176d"}
,"C:\\Users\\gamer\\Desktop\\Programas\\Front-End\\react\\create-landing-pages\\client\\src\\components\\GridContent\\index.jsx": {"path":"C:\\Users\\gamer\\Desktop\\Programas\\Front-End\\react\\create-landing-pages\\client\\src\\components\\GridContent\\index.jsx","statementMap":{"0":{"start":{"line":7,"column":20},"end":{"line":20,"column":1}},"1":{"start":{"line":8,"column":2},"end":{"line":19,"column":4}},"2":{"start":{"line":22,"column":0},"end":{"line":26,"column":2}}},"fnMap":{"0":{"name":"(anonymous_0)","decl":{"start":{"line":7,"column":20},"end":{"line":7,"column":21}},"loc":{"start":{"line":7,"column":61},"end":{"line":20,"column":1}},"line":7}},"branchMap":{"0":{"loc":{"start":{"line":7,"column":36},"end":{"line":7,"column":54}},"type":"default-arg","locations":[{"start":{"line":7,"column":49},"end":{"line":7,"column":54}}],"line":7}},"s":{"0":1,"1":2,"2":1},"f":{"0":2},"b":{"0":[2]},"_coverageSchema":"1a1c01bbd47fc00a2c39e90264f33305004495a9","hash":"9eae849e6622072848077de005237db3a9fc08a9"}
,"C:\\Users\\gamer\\Desktop\\Programas\\Front-End\\react\\create-landing-pages\\client\\src\\components\\GridContent\\styles.js": {"path":"C:\\Users\\gamer\\Desktop\\Programas\\Front-End\\react\\create-landing-pages\\client\\src\\components\\GridContent\\styles.js","statementMap":{"0":{"start":{"line":3,"column":25},"end":{"line":9,"column":1}},"1":{"start":{"line":4,"column":19},"end":{"line":8,"column":3}},"2":{"start":{"line":11,"column":20},"end":{"line":15,"column":1}},"3":{"start":{"line":12,"column":19},"end":{"line":14,"column":3}}},"fnMap":{"0":{"name":"(anonymous_0)","decl":{"start":{"line":4,"column":4},"end":{"line":4,"column":5}},"loc":{"start":{"line":4,"column":19},"end":{"line":8,"column":3}},"line":4},"1":{"name":"(anonymous_1)","decl":{"start":{"line":12,"column":4},"end":{"line":12,"column":5}},"loc":{"start":{"line":12,"column":19},"end":{"line":14,"column":3}},"line":12}},"branchMap":{},"s":{"0":1,"1":2,"2":1,"3":2},"f":{"0":2,"1":2},"b":{},"_coverageSchema":"1a1c01bbd47fc00a2c39e90264f33305004495a9","hash":"af86413600f0949e0d67b67208f673e03bc6bce6"}
,"C:\\Users\\gamer\\Desktop\\Programas\\Front-End\\react\\create-landing-pages\\client\\src\\components\\GridImage\\index.jsx": {"path":"C:\\Users\\gamer\\Desktop\\Programas\\Front-End\\react\\create-landing-pages\\client\\src\\components\\GridImage\\index.jsx","statementMap":{"0":{"start":{"line":7,"column":18},"end":{"line":25,"column":1}},"1":{"start":{"line":8,"column":2},"end":{"line":24,"column":4}},"2":{"start":{"line":17,"column":12},"end":{"line":19,"column":26}},"3":{"start":{"line":27,"column":0},"end":{"line":37,"column":2}}},"fnMap":{"0":{"name":"(anonymous_0)","decl":{"start":{"line":7,"column":18},"end":{"line":7,"column":19}},"loc":{"start":{"line":7,"column":72},"end":{"line":25,"column":1}},"line":7},"1":{"name":"(anonymous_1)","decl":{"start":{"line":16,"column":20},"end":{"line":16,"column":21}},"loc":{"start":{"line":17,"column":12},"end":{"line":19,"column":26}},"line":17}},"branchMap":{"0":{"loc":{"start":{"line":7,"column":47},"end":{"line":7,"column":65}},"type":"default-arg","locations":[{"start":{"line":7,"column":60},"end":{"line":7,"column":65}}],"line":7}},"s":{"0":1,"1":2,"2":12,"3":1},"f":{"0":2,"1":12},"b":{"0":[1]},"_coverageSchema":"1a1c01bbd47fc00a2c39e90264f33305004495a9","hash":"fd93351bb64e1717bedb45e42b6dd2d58b67a8fb"}
,"C:\\Users\\gamer\\Desktop\\Programas\\Front-End\\react\\create-landing-pages\\client\\src\\components\\GridImage\\styles.js": {"path":"C:\\Users\\gamer\\Desktop\\Programas\\Front-End\\react\\create-landing-pages\\client\\src\\components\\GridImage\\styles.js","statementMap":{"0":{"start":{"line":5,"column":25},"end":{"line":11,"column":1}},"1":{"start":{"line":6,"column":19},"end":{"line":10,"column":3}},"2":{"start":{"line":14,"column":20},"end":{"line":20,"column":1}},"3":{"start":{"line":15,"column":19},"end":{"line":19,"column":3}},"4":{"start":{"line":22,"column":27},"end":{"line":26,"column":1}},"5":{"start":{"line":23,"column":19},"end":{"line":25,"column":3}},"6":{"start":{"line":28,"column":21},"end":{"line":37,"column":1}},"7":{"start":{"line":29,"column":19},"end":{"line":36,"column":3}}},"fnMap":{"0":{"name":"(anonymous_0)","decl":{"start":{"line":6,"column":4},"end":{"line":6,"column":5}},"loc":{"start":{"line":6,"column":19},"end":{"line":10,"column":3}},"line":6},"1":{"name":"(anonymous_1)","decl":{"start":{"line":15,"column":4},"end":{"line":15,"column":5}},"loc":{"start":{"line":15,"column":19},"end":{"line":19,"column":3}},"line":15},"2":{"name":"(anonymous_2)","decl":{"start":{"line":23,"column":4},"end":{"line":23,"column":5}},"loc":{"start":{"line":23,"column":19},"end":{"line":25,"column":3}},"line":23},"3":{"name":"(anonymous_3)","decl":{"start":{"line":29,"column":4},"end":{"line":29,"column":5}},"loc":{"start":{"line":29,"column":19},"end":{"line":36,"column":3}},"line":29}},"branchMap":{},"s":{"0":1,"1":2,"2":1,"3":2,"4":1,"5":12,"6":1,"7":12},"f":{"0":2,"1":2,"2":12,"3":12},"b":{},"_coverageSchema":"1a1c01bbd47fc00a2c39e90264f33305004495a9","hash":"7484d1b0b76ad96285d18086232686b48817ee99"}
,"C:\\Users\\gamer\\Desktop\\Programas\\Front-End\\react\\create-landing-pages\\client\\src\\components\\GridText\\index.jsx": {"path":"C:\\Users\\gamer\\Desktop\\Programas\\Front-End\\react\\create-landing-pages\\client\\src\\components\\GridText\\index.jsx","statementMap":{"0":{"start":{"line":7,"column":17},"end":{"line":28,"column":1}},"1":{"start":{"line":8,"column":2},"end":{"line":27,"column":4}},"2":{"start":{"line":17,"column":12},"end":{"line":22,"column":26}},"3":{"start":{"line":30,"column":0},"end":{"line":40,"column":2}}},"fnMap":{"0":{"name":"(anonymous_0)","decl":{"start":{"line":7,"column":17},"end":{"line":7,"column":18}},"loc":{"start":{"line":7,"column":71},"end":{"line":28,"column":1}},"line":7},"1":{"name":"(anonymous_1)","decl":{"start":{"line":16,"column":20},"end":{"line":16,"column":21}},"loc":{"start":{"line":17,"column":12},"end":{"line":22,"column":26}},"line":17}},"branchMap":{"0":{"loc":{"start":{"line":7,"column":46},"end":{"line":7,"column":64}},"type":"default-arg","locations":[{"start":{"line":7,"column":59},"end":{"line":7,"column":64}}],"line":7}},"s":{"0":3,"1":14,"2":42,"3":3},"f":{"0":14,"1":42},"b":{"0":[1]},"_coverageSchema":"1a1c01bbd47fc00a2c39e90264f33305004495a9","hash":"cae3eeeadc5e3aac82cd4363cefd9f5e38e64932"}
,"C:\\Users\\gamer\\Desktop\\Programas\\Front-End\\react\\create-landing-pages\\client\\src\\components\\GridText\\styles.js": {"path":"C:\\Users\\gamer\\Desktop\\Programas\\Front-End\\react\\create-landing-pages\\client\\src\\components\\GridText\\styles.js","statementMap":{"0":{"start":{"line":5,"column":25},"end":{"line":11,"column":1}},"1":{"start":{"line":6,"column":19},"end":{"line":10,"column":3}},"2":{"start":{"line":13,"column":20},"end":{"line":26,"column":1}},"3":{"start":{"line":14,"column":19},"end":{"line":25,"column":3}},"4":{"start":{"line":28,"column":27},"end":{"line":44,"column":1}},"5":{"start":{"line":29,"column":19},"end":{"line":43,"column":3}}},"fnMap":{"0":{"name":"(anonymous_0)","decl":{"start":{"line":6,"column":4},"end":{"line":6,"column":5}},"loc":{"start":{"line":6,"column":19},"end":{"line":10,"column":3}},"line":6},"1":{"name":"(anonymous_1)","decl":{"start":{"line":14,"column":4},"end":{"line":14,"column":5}},"loc":{"start":{"line":14,"column":19},"end":{"line":25,"column":3}},"line":14},"2":{"name":"(anonymous_2)","decl":{"start":{"line":29,"column":4},"end":{"line":29,"column":5}},"loc":{"start":{"line":29,"column":19},"end":{"line":43,"column":3}},"line":29}},"branchMap":{},"s":{"0":3,"1":14,"2":3,"3":14,"4":3,"5":42},"f":{"0":14,"1":14,"2":42},"b":{},"_coverageSchema":"1a1c01bbd47fc00a2c39e90264f33305004495a9","hash":"56f8f486fd2616da84910b9a084e5fe3f78418f8"}
,"C:\\Users\\gamer\\Desktop\\Programas\\Front-End\\react\\create-landing-pages\\client\\src\\components\\GridTwoColumns\\index.jsx": {"path":"C:\\Users\\gamer\\Desktop\\Programas\\Front-End\\react\\create-landing-pages\\client\\src\\components\\GridTwoColumns\\index.jsx","statementMap":{"0":{"start":{"line":7,"column":23},"end":{"line":23,"column":1}},"1":{"start":{"line":8,"column":2},"end":{"line":22,"column":4}},"2":{"start":{"line":25,"column":0},"end":{"line":30,"column":2}}},"fnMap":{"0":{"name":"(anonymous_0)","decl":{"start":{"line":7,"column":23},"end":{"line":7,"column":24}},"loc":{"start":{"line":7,"column":72},"end":{"line":23,"column":1}},"line":7}},"branchMap":{"0":{"loc":{"start":{"line":7,"column":47},"end":{"line":7,"column":65}},"type":"default-arg","locations":[{"start":{"line":7,"column":60},"end":{"line":7,"column":65}}],"line":7}},"s":{"0":1,"1":1,"2":1},"f":{"0":1},"b":{"0":[1]},"_coverageSchema":"1a1c01bbd47fc00a2c39e90264f33305004495a9","hash":"d75e21fc38c081d4080993b07a99405b298fe910"}
,"C:\\Users\\gamer\\Desktop\\Programas\\Front-End\\react\\create-landing-pages\\client\\src\\components\\GridTwoColumns\\styles.js": {"path":"C:\\Users\\gamer\\Desktop\\Programas\\Front-End\\react\\create-landing-pages\\client\\src\\components\\GridTwoColumns\\styles.js","statementMap":{"0":{"start":{"line":4,"column":25},"end":{"line":20,"column":1}},"1":{"start":{"line":5,"column":19},"end":{"line":19,"column":3}},"2":{"start":{"line":22,"column":29},"end":{"line":28,"column":1}},"3":{"start":{"line":23,"column":19},"end":{"line":27,"column":3}},"4":{"start":{"line":30,"column":30},"end":{"line":30,"column":42}},"5":{"start":{"line":32,"column":21},"end":{"line":32,"column":33}}},"fnMap":{"0":{"name":"(anonymous_0)","decl":{"start":{"line":5,"column":4},"end":{"line":5,"column":5}},"loc":{"start":{"line":5,"column":19},"end":{"line":19,"column":3}},"line":5},"1":{"name":"(anonymous_1)","decl":{"start":{"line":23,"column":4},"end":{"line":23,"column":5}},"loc":{"start":{"line":23,"column":19},"end":{"line":27,"column":3}},"line":23}},"branchMap":{},"s":{"0":1,"1":1,"2":1,"3":1,"4":1,"5":1},"f":{"0":1,"1":1},"b":{},"_coverageSchema":"1a1c01bbd47fc00a2c39e90264f33305004495a9","hash":"3a6ccaf3e4d25fd3b797a5a9f740498123f5af80"}
,"C:\\Users\\gamer\\Desktop\\Programas\\Front-End\\react\\create-landing-pages\\client\\src\\components\\Heading\\index.jsx": {"path":"C:\\Users\\gamer\\Desktop\\Programas\\Front-End\\react\\create-landing-pages\\client\\src\\components\\Heading\\index.jsx","statementMap":{"0":{"start":{"line":4,"column":16},"end":{"line":16,"column":1}},"1":{"start":{"line":11,"column":2},"end":{"line":15,"column":4}},"2":{"start":{"line":18,"column":0},"end":{"line":24,"column":2}}},"fnMap":{"0":{"name":"(anonymous_0)","decl":{"start":{"line":4,"column":16},"end":{"line":4,"column":17}},"loc":{"start":{"line":10,"column":6},"end":{"line":16,"column":1}},"line":10}},"branchMap":{"0":{"loc":{"start":{"line":6,"column":2},"end":{"line":6,"column":18}},"type":"default-arg","locations":[{"start":{"line":6,"column":14},"end":{"line":6,"column":18}}],"line":6},"1":{"loc":{"start":{"line":7,"column":2},"end":{"line":7,"column":11}},"type":"default-arg","locations":[{"start":{"line":7,"column":7},"end":{"line":7,"column":11}}],"line":7},"2":{"loc":{"start":{"line":8,"column":2},"end":{"line":8,"column":15}},"type":"default-arg","locations":[{"start":{"line":8,"column":9},"end":{"line":8,"column":15}}],"line":8},"3":{"loc":{"start":{"line":9,"column":2},"end":{"line":9,"column":19}},"type":"default-arg","locations":[{"start":{"line":9,"column":14},"end":{"line":9,"column":19}}],"line":9}},"s":{"0":9,"1":83,"2":9},"f":{"0":83},"b":{"0":[21],"1":[21],"2":[7],"3":[50]},"_coverageSchema":"1a1c01bbd47fc00a2c39e90264f33305004495a9","hash":"27d212b3e17d8c1ad3d8f2ed579356f778fc864a"}
,"C:\\Users\\gamer\\Desktop\\Programas\\Front-End\\react\\create-landing-pages\\client\\src\\components\\Heading\\styles.js": {"path":"C:\\Users\\gamer\\Desktop\\Programas\\Front-End\\react\\create-landing-pages\\client\\src\\components\\Heading\\styles.js","statementMap":{"0":{"start":{"line":3,"column":18},"end":{"line":17,"column":1}},"1":{"start":{"line":4,"column":20},"end":{"line":6,"column":3}},"2":{"start":{"line":7,"column":21},"end":{"line":9,"column":3}},"3":{"start":{"line":10,"column":18},"end":{"line":12,"column":3}},"4":{"start":{"line":13,"column":19},"end":{"line":16,"column":3}},"5":{"start":{"line":19,"column":18},"end":{"line":23,"column":1}},"6":{"start":{"line":19,"column":29},"end":{"line":23,"column":1}},"7":{"start":{"line":25,"column":18},"end":{"line":27,"column":1}},"8":{"start":{"line":25,"column":33},"end":{"line":27,"column":1}},"9":{"start":{"line":29,"column":21},"end":{"line":35,"column":1}},"10":{"start":{"line":30,"column":47},"end":{"line":34,"column":3}}},"fnMap":{"0":{"name":"(anonymous_0)","decl":{"start":{"line":4,"column":9},"end":{"line":4,"column":10}},"loc":{"start":{"line":4,"column":20},"end":{"line":6,"column":3}},"line":4},"1":{"name":"(anonymous_1)","decl":{"start":{"line":7,"column":10},"end":{"line":7,"column":11}},"loc":{"start":{"line":7,"column":21},"end":{"line":9,"column":3}},"line":7},"2":{"name":"(anonymous_2)","decl":{"start":{"line":10,"column":7},"end":{"line":10,"column":8}},"loc":{"start":{"line":10,"column":18},"end":{"line":12,"column":3}},"line":10},"3":{"name":"(anonymous_3)","decl":{"start":{"line":13,"column":8},"end":{"line":13,"column":9}},"loc":{"start":{"line":13,"column":19},"end":{"line":16,"column":3}},"line":13},"4":{"name":"(anonymous_4)","decl":{"start":{"line":19,"column":18},"end":{"line":19,"column":19}},"loc":{"start":{"line":19,"column":29},"end":{"line":23,"column":1}},"line":19},"5":{"name":"(anonymous_5)","decl":{"start":{"line":25,"column":18},"end":{"line":25,"column":19}},"loc":{"start":{"line":25,"column":33},"end":{"line":27,"column":1}},"line":25},"6":{"name":"(anonymous_6)","decl":{"start":{"line":30,"column":4},"end":{"line":30,"column":5}},"loc":{"start":{"line":30,"column":47},"end":{"line":34,"column":3}},"line":30}},"branchMap":{"0":{"loc":{"start":{"line":26,"column":20},"end":{"line":26,"column":52}},"type":"cond-expr","locations":[{"start":{"line":26,"column":32},"end":{"line":26,"column":43}},{"start":{"line":26,"column":46},"end":{"line":26,"column":52}}],"line":26},"1":{"loc":{"start":{"line":31,"column":13},"end":{"line":31,"column":71}},"type":"cond-expr","locations":[{"start":{"line":31,"column":25},"end":{"line":31,"column":50}},{"start":{"line":31,"column":53},"end":{"line":31,"column":71}}],"line":31}},"s":{"0":9,"1":56,"2":1,"3":1,"4":25,"5":9,"6":25,"7":9,"8":83,"9":9,"10":83},"f":{"0":56,"1":1,"2":1,"3":25,"4":25,"5":83,"6":83},"b":{"0":[33,50],"1":[58,25]},"_coverageSchema":"1a1c01bbd47fc00a2c39e90264f33305004495a9","hash":"13ce78c4269926acf5ad2d388c9fd856a659eb07"}
,"C:\\Users\\gamer\\Desktop\\Programas\\Front-End\\react\\create-landing-pages\\client\\src\\components\\LogoLink\\index.jsx": {"path":"C:\\Users\\gamer\\Desktop\\Programas\\Front-End\\react\\create-landing-pages\\client\\src\\components\\LogoLink\\index.jsx","statementMap":{"0":{"start":{"line":5,"column":17},"end":{"line":14,"column":1}},"1":{"start":{"line":6,"column":2},"end":{"line":13,"column":4}},"2":{"start":{"line":16,"column":0},"end":{"line":20,"column":2}}},"fnMap":{"0":{"name":"(anonymous_0)","decl":{"start":{"line":5,"column":17},"end":{"line":5,"column":18}},"loc":{"start":{"line":5,"column":50},"end":{"line":14,"column":1}},"line":5}},"branchMap":{"0":{"loc":{"start":{"line":5,"column":26},"end":{"line":5,"column":37}},"type":"default-arg","locations":[{"start":{"line":5,"column":35},"end":{"line":5,"column":37}}],"line":5},"1":{"loc":{"start":{"line":9,"column":9},"end":{"line":9,"column":52}},"type":"binary-expr","locations":[{"start":{"line":9,"column":9},"end":{"line":9,"column":17}},{"start":{"line":9,"column":21},"end":{"line":9,"column":52}}],"line":9},"2":{"loc":{"start":{"line":10,"column":9},"end":{"line":10,"column":24}},"type":"binary-expr","locations":[{"start":{"line":10,"column":9},"end":{"line":10,"column":16}},{"start":{"line":10,"column":20},"end":{"line":10,"column":24}}],"line":10}},"s":{"0":4,"1":13,"2":4},"f":{"0":13},"b":{"0":[11],"1":[13,2],"2":[13,11]},"_coverageSchema":"1a1c01bbd47fc00a2c39e90264f33305004495a9","hash":"967703b360c13c9d1e4db7d93e08225a238eac29"}
,"C:\\Users\\gamer\\Desktop\\Programas\\Front-End\\react\\create-landing-pages\\client\\src\\components\\LogoLink\\styles.js": {"path":"C:\\Users\\gamer\\Desktop\\Programas\\Front-End\\react\\create-landing-pages\\client\\src\\components\\LogoLink\\styles.js","statementMap":{"0":{"start":{"line":3,"column":25},"end":{"line":13,"column":1}},"1":{"start":{"line":4,"column":19},"end":{"line":12,"column":3}}},"fnMap":{"0":{"name":"(anonymous_0)","decl":{"start":{"line":4,"column":4},"end":{"line":4,"column":5}},"loc":{"start":{"line":4,"column":19},"end":{"line":12,"column":3}},"line":4}},"branchMap":{},"s":{"0":4,"1":13},"f":{"0":13},"b":{},"_coverageSchema":"1a1c01bbd47fc00a2c39e90264f33305004495a9","hash":"e231ecddb1f9908974605788c9e4bc1570e48072"}
,"C:\\Users\\gamer\\Desktop\\Programas\\Front-End\\react\\create-landing-pages\\client\\src\\components\\Menu\\index.jsx": {"path":"C:\\Users\\gamer\\Desktop\\Programas\\Front-End\\react\\create-landing-pages\\client\\src\\components\\Menu\\index.jsx","statementMap":{"0":{"start":{"line":10,"column":13},"end":{"line":34,"column":1}},"1":{"start":{"line":11,"column":32},"end":{"line":11,"column":47}},"2":{"start":{"line":12,"column":2},"end":{"line":33,"column":4}},"3":{"start":{"line":15,"column":23},"end":{"line":15,"column":50}},"4":{"start":{"line":15,"column":44},"end":{"line":15,"column":49}},"5":{"start":{"line":24,"column":50},"end":{"line":24,"column":67}},"6":{"start":{"line":36,"column":0},"end":{"line":39,"column":2}}},"fnMap":{"0":{"name":"(anonymous_0)","decl":{"start":{"line":10,"column":13},"end":{"line":10,"column":14}},"loc":{"start":{"line":10,"column":43},"end":{"line":34,"column":1}},"line":10},"1":{"name":"(anonymous_1)","decl":{"start":{"line":15,"column":17},"end":{"line":15,"column":18}},"loc":{"start":{"line":15,"column":23},"end":{"line":15,"column":50}},"line":15},"2":{"name":"(anonymous_2)","decl":{"start":{"line":15,"column":34},"end":{"line":15,"column":35}},"loc":{"start":{"line":15,"column":44},"end":{"line":15,"column":49}},"line":15},"3":{"name":"(anonymous_3)","decl":{"start":{"line":24,"column":44},"end":{"line":24,"column":45}},"loc":{"start":{"line":24,"column":50},"end":{"line":24,"column":67}},"line":24}},"branchMap":{"0":{"loc":{"start":{"line":10,"column":16},"end":{"line":10,"column":26}},"type":"default-arg","locations":[{"start":{"line":10,"column":24},"end":{"line":10,"column":26}}],"line":10},"1":{"loc":{"start":{"line":18,"column":9},"end":{"line":22,"column":9}},"type":"cond-expr","locations":[{"start":{"line":19,"column":10},"end":{"line":19,"column":47}},{"start":{"line":21,"column":10},"end":{"line":21,"column":45}}],"line":18}},"s":{"0":3,"1":10,"2":10,"3":3,"4":3,"5":1,"6":3},"f":{"0":10,"1":3,"2":3,"3":1},"b":{"0":[1],"1":[2,8]},"_coverageSchema":"1a1c01bbd47fc00a2c39e90264f33305004495a9","hash":"3523baacc4531af1673690954fd580ca536dd0c1"}
,"C:\\Users\\gamer\\Desktop\\Programas\\Front-End\\react\\create-landing-pages\\client\\src\\components\\Menu\\styles.js": {"path":"C:\\Users\\gamer\\Desktop\\Programas\\Front-End\\react\\create-landing-pages\\client\\src\\components\\Menu\\styles.js","statementMap":{"0":{"start":{"line":6,"column":20},"end":{"line":9,"column":1}},"1":{"start":{"line":6,"column":31},"end":{"line":9,"column":1}},"2":{"start":{"line":11,"column":25},"end":{"line":56,"column":1}},"3":{"start":{"line":12,"column":28},"end":{"line":55,"column":3}},"4":{"start":{"line":58,"column":29},"end":{"line":69,"column":1}},"5":{"start":{"line":59,"column":19},"end":{"line":68,"column":3}},"6":{"start":{"line":71,"column":22},"end":{"line":95,"column":1}},"7":{"start":{"line":72,"column":19},"end":{"line":94,"column":4}}},"fnMap":{"0":{"name":"(anonymous_0)","decl":{"start":{"line":6,"column":20},"end":{"line":6,"column":21}},"loc":{"start":{"line":6,"column":31},"end":{"line":9,"column":1}},"line":6},"1":{"name":"(anonymous_1)","decl":{"start":{"line":12,"column":4},"end":{"line":12,"column":5}},"loc":{"start":{"line":12,"column":28},"end":{"line":55,"column":3}},"line":12},"2":{"name":"(anonymous_2)","decl":{"start":{"line":59,"column":4},"end":{"line":59,"column":5}},"loc":{"start":{"line":59,"column":19},"end":{"line":68,"column":3}},"line":59},"3":{"name":"(anonymous_3)","decl":{"start":{"line":72,"column":4},"end":{"line":72,"column":5}},"loc":{"start":{"line":72,"column":19},"end":{"line":94,"column":4}},"line":72}},"branchMap":{"0":{"loc":{"start":{"line":38,"column":8},"end":{"line":38,"column":37}},"type":"binary-expr","locations":[{"start":{"line":38,"column":8},"end":{"line":38,"column":15}},{"start":{"line":38,"column":19},"end":{"line":38,"column":37}}],"line":38}},"s":{"0":3,"1":2,"2":3,"3":10,"4":3,"5":10,"6":3,"7":10},"f":{"0":2,"1":10,"2":10,"3":10},"b":{"0":[10,2]},"_coverageSchema":"1a1c01bbd47fc00a2c39e90264f33305004495a9","hash":"3b53c7e9e0468b9793eb70919d688ec265d98e79"}
,"C:\\Users\\gamer\\Desktop\\Programas\\Front-End\\react\\create-landing-pages\\client\\src\\components\\MenuLink\\index.jsx": {"path":"C:\\Users\\gamer\\Desktop\\Programas\\Front-End\\react\\create-landing-pages\\client\\src\\components\\MenuLink\\index.jsx","statementMap":{"0":{"start":{"line":4,"column":17},"end":{"line":11,"column":1}},"1":{"start":{"line":5,"column":17},"end":{"line":5,"column":44}},"2":{"start":{"line":6,"column":2},"end":{"line":10,"column":4}},"3":{"start":{"line":13,"column":0},"end":{"line":17,"column":2}}},"fnMap":{"0":{"name":"(anonymous_0)","decl":{"start":{"line":4,"column":17},"end":{"line":4,"column":18}},"loc":{"start":{"line":4,"column":57},"end":{"line":11,"column":1}},"line":4}},"branchMap":{"0":{"loc":{"start":{"line":4,"column":36},"end":{"line":4,"column":50}},"type":"default-arg","locations":[{"start":{"line":4,"column":45},"end":{"line":4,"column":50}}],"line":4},"1":{"loc":{"start":{"line":5,"column":17},"end":{"line":5,"column":44}},"type":"cond-expr","locations":[{"start":{"line":5,"column":26},"end":{"line":5,"column":34}},{"start":{"line":5,"column":37},"end":{"line":5,"column":44}}],"line":5}},"s":{"0":5,"1":123,"2":123,"3":5},"f":{"0":123},"b":{"0":[2],"1":[1,122]},"_coverageSchema":"1a1c01bbd47fc00a2c39e90264f33305004495a9","hash":"9222d7c5805919d4be20a74f1491f421b15da0c8"}
,"C:\\Users\\gamer\\Desktop\\Programas\\Front-End\\react\\create-landing-pages\\client\\src\\components\\MenuLink\\styles.js": {"path":"C:\\Users\\gamer\\Desktop\\Programas\\Front-End\\react\\create-landing-pages\\client\\src\\components\\MenuLink\\styles.js","statementMap":{"0":{"start":{"line":3,"column":25},"end":{"line":26,"column":1}},"1":{"start":{"line":4,"column":19},"end":{"line":25,"column":3}}},"fnMap":{"0":{"name":"(anonymous_0)","decl":{"start":{"line":4,"column":4},"end":{"line":4,"column":5}},"loc":{"start":{"line":4,"column":19},"end":{"line":25,"column":3}},"line":4}},"branchMap":{},"s":{"0":5,"1":123},"f":{"0":123},"b":{},"_coverageSchema":"1a1c01bbd47fc00a2c39e90264f33305004495a9","hash":"7e5a7124203b4fe98dfe901fbe7f996f22772a1a"}
,"C:\\Users\\gamer\\Desktop\\Programas\\Front-End\\react\\create-landing-pages\\client\\src\\components\\NavLinks\\index.jsx": {"path":"C:\\Users\\gamer\\Desktop\\Programas\\Front-End\\react\\create-landing-pages\\client\\src\\components\\NavLinks\\index.jsx","statementMap":{"0":{"start":{"line":5,"column":24},"end":{"line":13,"column":1}},"1":{"start":{"line":6,"column":2},"end":{"line":12,"column":4}},"2":{"start":{"line":9,"column":8},"end":{"line":9,"column":46}},"3":{"start":{"line":15,"column":0},"end":{"line":23,"column":2}}},"fnMap":{"0":{"name":"(anonymous_0)","decl":{"start":{"line":5,"column":24},"end":{"line":5,"column":25}},"loc":{"start":{"line":5,"column":44},"end":{"line":13,"column":1}},"line":5},"1":{"name":"(anonymous_1)","decl":{"start":{"line":8,"column":17},"end":{"line":8,"column":18}},"loc":{"start":{"line":9,"column":8},"end":{"line":9,"column":46}},"line":9}},"branchMap":{"0":{"loc":{"start":{"line":5,"column":27},"end":{"line":5,"column":37}},"type":"default-arg","locations":[{"start":{"line":5,"column":35},"end":{"line":5,"column":37}}],"line":5}},"s":{"0":4,"1":14,"2":120,"3":4},"f":{"0":14,"1":120},"b":{"0":[1]},"_coverageSchema":"1a1c01bbd47fc00a2c39e90264f33305004495a9","hash":"b3eefdeffc5b51b3e97d249907e9518decdedfea"}
,"C:\\Users\\gamer\\Desktop\\Programas\\Front-End\\react\\create-landing-pages\\client\\src\\components\\NavLinks\\styles.js": {"path":"C:\\Users\\gamer\\Desktop\\Programas\\Front-End\\react\\create-landing-pages\\client\\src\\components\\NavLinks\\styles.js","statementMap":{"0":{"start":{"line":3,"column":25},"end":{"line":13,"column":1}},"1":{"start":{"line":4,"column":19},"end":{"line":12,"column":3}}},"fnMap":{"0":{"name":"(anonymous_0)","decl":{"start":{"line":4,"column":4},"end":{"line":4,"column":5}},"loc":{"start":{"line":4,"column":19},"end":{"line":12,"column":3}},"line":4}},"branchMap":{},"s":{"0":4,"1":14},"f":{"0":14},"b":{},"_coverageSchema":"1a1c01bbd47fc00a2c39e90264f33305004495a9","hash":"cdcc3316f7404876967d3df8783e19787ee4b07c"}
,"C:\\Users\\gamer\\Desktop\\Programas\\Front-End\\react\\create-landing-pages\\client\\src\\components\\SectionBackground\\index.jsx": {"path":"C:\\Users\\gamer\\Desktop\\Programas\\Front-End\\react\\create-landing-pages\\client\\src\\components\\SectionBackground\\index.jsx","statementMap":{"0":{"start":{"line":5,"column":33},"end":{"line":11,"column":1}},"1":{"start":{"line":6,"column":2},"end":{"line":10,"column":4}},"2":{"start":{"line":13,"column":0},"end":{"line":16,"column":2}}},"fnMap":{"0":{"name":"(anonymous_0)","decl":{"start":{"line":5,"column":33},"end":{"line":5,"column":34}},"loc":{"start":{"line":5,"column":71},"end":{"line":11,"column":1}},"line":5}},"branchMap":{"0":{"loc":{"start":{"line":5,"column":46},"end":{"line":5,"column":64}},"type":"default-arg","locations":[{"start":{"line":5,"column":59},"end":{"line":5,"column":64}}],"line":5}},"s":{"0":7,"1":21,"2":7},"f":{"0":21},"b":{"0":[1]},"_coverageSchema":"1a1c01bbd47fc00a2c39e90264f33305004495a9","hash":"9b0166d3c3e7ad178be27228a9a9089f342809e3"}
,"C:\\Users\\gamer\\Desktop\\Programas\\Front-End\\react\\create-landing-pages\\client\\src\\components\\SectionBackground\\styles.js": {"path":"C:\\Users\\gamer\\Desktop\\Programas\\Front-End\\react\\create-landing-pages\\client\\src\\components\\SectionBackground\\styles.js","statementMap":{"0":{"start":{"line":3,"column":36},"end":{"line":6,"column":1}},"1":{"start":{"line":3,"column":47},"end":{"line":6,"column":1}},"2":{"start":{"line":8,"column":25},"end":{"line":17,"column":1}},"3":{"start":{"line":9,"column":31},"end":{"line":16,"column":3}}},"fnMap":{"0":{"name":"(anonymous_0)","decl":{"start":{"line":3,"column":36},"end":{"line":3,"column":37}},"loc":{"start":{"line":3,"column":47},"end":{"line":6,"column":1}},"line":3},"1":{"name":"(anonymous_1)","decl":{"start":{"line":9,"column":4},"end":{"line":9,"column":5}},"loc":{"start":{"line":9,"column":31},"end":{"line":16,"column":3}},"line":9}},"branchMap":{"0":{"loc":{"start":{"line":12,"column":6},"end":{"line":12,"column":54}},"type":"binary-expr","locations":[{"start":{"line":12,"column":6},"end":{"line":12,"column":16}},{"start":{"line":12,"column":20},"end":{"line":12,"column":54}}],"line":12}},"s":{"0":7,"1":7,"2":7,"3":21},"f":{"0":7,"1":21},"b":{"0":[21,7]},"_coverageSchema":"1a1c01bbd47fc00a2c39e90264f33305004495a9","hash":"33ae57772d50757944e5c10547b358953b4405e9"}
,"C:\\Users\\gamer\\Desktop\\Programas\\Front-End\\react\\create-landing-pages\\client\\src\\components\\SectionContainer\\index.jsx": {"path":"C:\\Users\\gamer\\Desktop\\Programas\\Front-End\\react\\create-landing-pages\\client\\src\\components\\SectionContainer\\index.jsx","statementMap":{"0":{"start":{"line":4,"column":32},"end":{"line":6,"column":1}},"1":{"start":{"line":5,"column":2},"end":{"line":5,"column":43}},"2":{"start":{"line":8,"column":0},"end":{"line":10,"column":2}}},"fnMap":{"0":{"name":"(anonymous_0)","decl":{"start":{"line":4,"column":32},"end":{"line":4,"column":33}},"loc":{"start":{"line":4,"column":50},"end":{"line":6,"column":1}},"line":4}},"branchMap":{},"s":{"0":10,"1":35,"2":10},"f":{"0":35},"b":{},"_coverageSchema":"1a1c01bbd47fc00a2c39e90264f33305004495a9","hash":"28187680dcf220d971c664fe5a44fbb764df06af"}
,"C:\\Users\\gamer\\Desktop\\Programas\\Front-End\\react\\create-landing-pages\\client\\src\\components\\SectionContainer\\styles.js": {"path":"C:\\Users\\gamer\\Desktop\\Programas\\Front-End\\react\\create-landing-pages\\client\\src\\components\\SectionContainer\\styles.js","statementMap":{"0":{"start":{"line":3,"column":25},"end":{"line":9,"column":1}},"1":{"start":{"line":4,"column":19},"end":{"line":8,"column":3}}},"fnMap":{"0":{"name":"(anonymous_0)","decl":{"start":{"line":4,"column":4},"end":{"line":4,"column":5}},"loc":{"start":{"line":4,"column":19},"end":{"line":8,"column":3}},"line":4}},"branchMap":{},"s":{"0":10,"1":35},"f":{"0":35},"b":{},"_coverageSchema":"1a1c01bbd47fc00a2c39e90264f33305004495a9","hash":"e92ead02d2c25043ff853b9c270e9864f47ecde2"}
,"C:\\Users\\gamer\\Desktop\\Programas\\Front-End\\react\\create-landing-pages\\client\\src\\components\\TextComponent\\index.jsx": {"path":"C:\\Users\\gamer\\Desktop\\Programas\\Front-End\\react\\create-landing-pages\\client\\src\\components\\TextComponent\\index.jsx","statementMap":{"0":{"start":{"line":4,"column":22},"end":{"line":6,"column":1}},"1":{"start":{"line":5,"column":2},"end":{"line":5,"column":70}},"2":{"start":{"line":8,"column":0},"end":{"line":10,"column":2}}},"fnMap":{"0":{"name":"(anonymous_0)","decl":{"start":{"line":4,"column":22},"end":{"line":4,"column":23}},"loc":{"start":{"line":4,"column":40},"end":{"line":6,"column":1}},"line":4}},"branchMap":{},"s":{"0":8,"1":66,"2":8},"f":{"0":66},"b":{},"_coverageSchema":"1a1c01bbd47fc00a2c39e90264f33305004495a9","hash":"d0e0e56995cc54f07da3e1197c39ebf1c43496e3"}
,"C:\\Users\\gamer\\Desktop\\Programas\\Front-End\\react\\create-landing-pages\\client\\src\\components\\TextComponent\\styles.js": {"path":"C:\\Users\\gamer\\Desktop\\Programas\\Front-End\\react\\create-landing-pages\\client\\src\\components\\TextComponent\\styles.js","statementMap":{"0":{"start":{"line":3,"column":25},"end":{"line":6,"column":1}},"1":{"start":{"line":4,"column":19},"end":{"line":5,"column":43}}},"fnMap":{"0":{"name":"(anonymous_0)","decl":{"start":{"line":4,"column":4},"end":{"line":4,"column":5}},"loc":{"start":{"line":4,"column":19},"end":{"line":5,"column":43}},"line":4}},"branchMap":{},"s":{"0":8,"1":66},"f":{"0":66},"b":{},"_coverageSchema":"1a1c01bbd47fc00a2c39e90264f33305004495a9","hash":"b7d7b200c098cb93ccdb4fa6f06438d19ee740c0"}
}
