{"C:\\Users\\gamer\\Desktop\\Programas\\Front-End\\react\\create-landing-pages\\client\\src\\api\\mapData.js": {"path":"C:\\Users\\gamer\\Desktop\\Programas\\Front-End\\react\\create-landing-pages\\client\\src\\api\\mapData.js","statementMap":{"0":{"start":{"line":4,"column":23},"end":{"line":22,"column":1}},"1":{"start":{"line":5,"column":2},"end":{"line":21,"column":5}},"2":{"start":{"line":12,"column":8},"end":{"line":12,"column":12}},"3":{"start":{"line":14,"column":4},"end":{"line":20,"column":6}}},"fnMap":{"0":{"name":"(anonymous_0)","decl":{"start":{"line":4,"column":23},"end":{"line":4,"column":24}},"loc":{"start":{"line":4,"column":45},"end":{"line":22,"column":1}},"line":4},"1":{"name":"(anonymous_1)","decl":{"start":{"line":5,"column":23},"end":{"line":5,"column":24}},"loc":{"start":{"line":5,"column":33},"end":{"line":21,"column":3}},"line":5}},"branchMap":{"0":{"loc":{"start":{"line":4,"column":24},"end":{"line":4,"column":40}},"type":"default-arg","locations":[{"start":{"line":4,"column":36},"end":{"line":4,"column":40}}],"line":4},"1":{"loc":{"start":{"line":7,"column":19},"end":{"line":7,"column":34}},"type":"default-arg","locations":[{"start":{"line":7,"column":32},"end":{"line":7,"column":34}}],"line":7},"2":{"loc":{"start":{"line":8,"column":6},"end":{"line":8,"column":15}},"type":"default-arg","locations":[{"start":{"line":8,"column":13},"end":{"line":8,"column":15}}],"line":8},"3":{"loc":{"start":{"line":9,"column":6},"end":{"line":9,"column":16}},"type":"default-arg","locations":[{"start":{"line":9,"column":14},"end":{"line":9,"column":16}}],"line":9},"4":{"loc":{"start":{"line":10,"column":6},"end":{"line":10,"column":19}},"type":"default-arg","locations":[{"start":{"line":10,"column":17},"end":{"line":10,"column":19}}],"line":10},"5":{"loc":{"start":{"line":11,"column":6},"end":{"line":11,"column":15}},"type":"default-arg","locations":[{"start":{"line":11,"column":13},"end":{"line":11,"column":15}}],"line":11}},"s":{"0":1,"1":2,"2":2,"3":2},"f":{"0":2,"1":2},"b":{"0":[1],"1":[1],"2":[1],"3":[1],"4":[2],"5":[2]},"_coverageSchema":"1a1c01bbd47fc00a2c39e90264f33305004495a9","hash":"7c6a2411d4246ed2f189b497c06aa7a209322f29"}
,"C:\\Users\\gamer\\Desktop\\Programas\\Front-End\\react\\create-landing-pages\\client\\src\\api\\mapMenu.js": {"path":"C:\\Users\\gamer\\Desktop\\Programas\\Front-End\\react\\create-landing-pages\\client\\src\\api\\mapMenu.js","statementMap":{"0":{"start":{"line":1,"column":23},"end":{"line":21,"column":1}},"1":{"start":{"line":12,"column":6},"end":{"line":12,"column":10}},"2":{"start":{"line":14,"column":2},"end":{"line":20,"column":4}},"3":{"start":{"line":23,"column":28},"end":{"line":37,"column":1}},"4":{"start":{"line":24,"column":2},"end":{"line":36,"column":5}},"5":{"start":{"line":29,"column":8},"end":{"line":29,"column":12}},"6":{"start":{"line":31,"column":4},"end":{"line":35,"column":6}}},"fnMap":{"0":{"name":"(anonymous_0)","decl":{"start":{"line":1,"column":23},"end":{"line":1,"column":24}},"loc":{"start":{"line":1,"column":38},"end":{"line":21,"column":1}},"line":1},"1":{"name":"(anonymous_1)","decl":{"start":{"line":23,"column":28},"end":{"line":23,"column":29}},"loc":{"start":{"line":23,"column":44},"end":{"line":37,"column":1}},"line":23},"2":{"name":"(anonymous_2)","decl":{"start":{"line":24,"column":19},"end":{"line":24,"column":20}},"loc":{"start":{"line":24,"column":29},"end":{"line":36,"column":3}},"line":24}},"branchMap":{"0":{"loc":{"start":{"line":1,"column":24},"end":{"line":1,"column":33}},"type":"default-arg","locations":[{"start":{"line":1,"column":31},"end":{"line":1,"column":33}}],"line":1},"1":{"loc":{"start":{"line":3,"column":21},"end":{"line":3,"column":35}},"type":"default-arg","locations":[{"start":{"line":3,"column":30},"end":{"line":3,"column":35}}],"line":3},"2":{"loc":{"start":{"line":4,"column":15},"end":{"line":4,"column":24}},"type":"default-arg","locations":[{"start":{"line":4,"column":22},"end":{"line":4,"column":24}}],"line":4},"3":{"loc":{"start":{"line":5,"column":15},"end":{"line":5,"column":24}},"type":"default-arg","locations":[{"start":{"line":5,"column":22},"end":{"line":5,"column":24}}],"line":5},"4":{"loc":{"start":{"line":6,"column":10},"end":{"line":10,"column":10}},"type":"default-arg","locations":[{"start":{"line":10,"column":8},"end":{"line":10,"column":10}}],"line":6},"5":{"loc":{"start":{"line":8,"column":28},"end":{"line":8,"column":39}},"type":"default-arg","locations":[{"start":{"line":8,"column":37},"end":{"line":8,"column":39}}],"line":8},"6":{"loc":{"start":{"line":11,"column":10},"end":{"line":11,"column":20}},"type":"default-arg","locations":[{"start":{"line":11,"column":18},"end":{"line":11,"column":20}}],"line":11},"7":{"loc":{"start":{"line":23,"column":29},"end":{"line":23,"column":39}},"type":"default-arg","locations":[{"start":{"line":23,"column":37},"end":{"line":23,"column":39}}],"line":23},"8":{"loc":{"start":{"line":26,"column":23},"end":{"line":26,"column":37}},"type":"default-arg","locations":[{"start":{"line":26,"column":32},"end":{"line":26,"column":37}}],"line":26},"9":{"loc":{"start":{"line":27,"column":17},"end":{"line":27,"column":30}},"type":"default-arg","locations":[{"start":{"line":27,"column":28},"end":{"line":27,"column":30}}],"line":27},"10":{"loc":{"start":{"line":28,"column":11},"end":{"line":28,"column":20}},"type":"default-arg","locations":[{"start":{"line":28,"column":18},"end":{"line":28,"column":20}}],"line":28}},"s":{"0":0,"1":0,"2":0,"3":0,"4":0,"5":0,"6":0},"f":{"0":0,"1":0,"2":0},"b":{"0":[0],"1":[0],"2":[0],"3":[0],"4":[0],"5":[0],"6":[0],"7":[0],"8":[0],"9":[0],"10":[0]}}
,"C:\\Users\\gamer\\Desktop\\Programas\\Front-End\\react\\create-landing-pages\\client\\src\\api\\mapSections.js": {"path":"C:\\Users\\gamer\\Desktop\\Programas\\Front-End\\react\\create-landing-pages\\client\\src\\api\\mapSections.js","statementMap":{"0":{"start":{"line":1,"column":27},"end":{"line":22,"column":1}},"1":{"start":{"line":2,"column":2},"end":{"line":21,"column":5}},"2":{"start":{"line":3,"column":4},"end":{"line":5,"column":5}},"3":{"start":{"line":4,"column":6},"end":{"line":4,"column":43}},"4":{"start":{"line":6,"column":4},"end":{"line":8,"column":5}},"5":{"start":{"line":7,"column":6},"end":{"line":7,"column":40}},"6":{"start":{"line":10,"column":4},"end":{"line":19,"column":5}},"7":{"start":{"line":11,"column":50},"end":{"line":11,"column":57}},"8":{"start":{"line":13,"column":6},"end":{"line":15,"column":7}},"9":{"start":{"line":14,"column":8},"end":{"line":14,"column":36}},"10":{"start":{"line":16,"column":6},"end":{"line":18,"column":7}},"11":{"start":{"line":17,"column":8},"end":{"line":17,"column":37}},"12":{"start":{"line":20,"column":4},"end":{"line":20,"column":19}},"13":{"start":{"line":24,"column":36},"end":{"line":41,"column":1}},"14":{"start":{"line":31,"column":6},"end":{"line":31,"column":13}},"15":{"start":{"line":33,"column":2},"end":{"line":40,"column":4}},"16":{"start":{"line":43,"column":33},"end":{"line":58,"column":1}},"17":{"start":{"line":49,"column":6},"end":{"line":49,"column":13}},"18":{"start":{"line":51,"column":2},"end":{"line":57,"column":4}},"19":{"start":{"line":60,"column":27},"end":{"line":83,"column":1}},"20":{"start":{"line":67,"column":6},"end":{"line":67,"column":13}},"21":{"start":{"line":69,"column":2},"end":{"line":82,"column":4}},"22":{"start":{"line":76,"column":47},"end":{"line":76,"column":51}},"23":{"start":{"line":77,"column":6},"end":{"line":80,"column":8}},"24":{"start":{"line":85,"column":28},"end":{"line":109,"column":1}},"25":{"start":{"line":92,"column":6},"end":{"line":92,"column":13}},"26":{"start":{"line":94,"column":2},"end":{"line":108,"column":4}},"27":{"start":{"line":102,"column":8},"end":{"line":102,"column":36}},"28":{"start":{"line":103,"column":6},"end":{"line":106,"column":8}}},"fnMap":{"0":{"name":"(anonymous_0)","decl":{"start":{"line":1,"column":27},"end":{"line":1,"column":28}},"loc":{"start":{"line":1,"column":46},"end":{"line":22,"column":1}},"line":1},"1":{"name":"(anonymous_1)","decl":{"start":{"line":2,"column":22},"end":{"line":2,"column":23}},"loc":{"start":{"line":2,"column":35},"end":{"line":21,"column":3}},"line":2},"2":{"name":"(anonymous_2)","decl":{"start":{"line":24,"column":36},"end":{"line":24,"column":37}},"loc":{"start":{"line":24,"column":54},"end":{"line":41,"column":1}},"line":24},"3":{"name":"(anonymous_3)","decl":{"start":{"line":43,"column":33},"end":{"line":43,"column":34}},"loc":{"start":{"line":43,"column":51},"end":{"line":58,"column":1}},"line":43},"4":{"name":"(anonymous_4)","decl":{"start":{"line":60,"column":27},"end":{"line":60,"column":28}},"loc":{"start":{"line":60,"column":45},"end":{"line":83,"column":1}},"line":60},"5":{"name":"(anonymous_5)","decl":{"start":{"line":75,"column":19},"end":{"line":75,"column":20}},"loc":{"start":{"line":75,"column":29},"end":{"line":81,"column":5}},"line":75},"6":{"name":"(anonymous_6)","decl":{"start":{"line":85,"column":28},"end":{"line":85,"column":29}},"loc":{"start":{"line":85,"column":46},"end":{"line":109,"column":1}},"line":85},"7":{"name":"(anonymous_7)","decl":{"start":{"line":100,"column":19},"end":{"line":100,"column":20}},"loc":{"start":{"line":100,"column":28},"end":{"line":107,"column":5}},"line":100}},"branchMap":{"0":{"loc":{"start":{"line":1,"column":28},"end":{"line":1,"column":41}},"type":"default-arg","locations":[{"start":{"line":1,"column":39},"end":{"line":1,"column":41}}],"line":1},"1":{"loc":{"start":{"line":3,"column":4},"end":{"line":5,"column":5}},"type":"if","locations":[{"start":{"line":3,"column":4},"end":{"line":5,"column":5}},{"start":{},"end":{}}],"line":3},"2":{"loc":{"start":{"line":6,"column":4},"end":{"line":8,"column":5}},"type":"if","locations":[{"start":{"line":6,"column":4},"end":{"line":8,"column":5}},{"start":{},"end":{}}],"line":6},"3":{"loc":{"start":{"line":10,"column":4},"end":{"line":19,"column":5}},"type":"if","locations":[{"start":{"line":10,"column":4},"end":{"line":19,"column":5}},{"start":{},"end":{}}],"line":10},"4":{"loc":{"start":{"line":11,"column":14},"end":{"line":11,"column":28}},"type":"default-arg","locations":[{"start":{"line":11,"column":26},"end":{"line":11,"column":28}}],"line":11},"5":{"loc":{"start":{"line":11,"column":30},"end":{"line":11,"column":45}},"type":"default-arg","locations":[{"start":{"line":11,"column":43},"end":{"line":11,"column":45}}],"line":11},"6":{"loc":{"start":{"line":13,"column":6},"end":{"line":15,"column":7}},"type":"if","locations":[{"start":{"line":13,"column":6},"end":{"line":15,"column":7}},{"start":{},"end":{}}],"line":13},"7":{"loc":{"start":{"line":16,"column":6},"end":{"line":18,"column":7}},"type":"if","locations":[{"start":{"line":16,"column":6},"end":{"line":18,"column":7}},{"start":{},"end":{}}],"line":16},"8":{"loc":{"start":{"line":24,"column":37},"end":{"line":24,"column":49}},"type":"default-arg","locations":[{"start":{"line":24,"column":47},"end":{"line":24,"column":49}}],"line":24},"9":{"loc":{"start":{"line":26,"column":17},"end":{"line":26,"column":31}},"type":"default-arg","locations":[{"start":{"line":26,"column":29},"end":{"line":26,"column":31}}],"line":26},"10":{"loc":{"start":{"line":27,"column":4},"end":{"line":27,"column":14}},"type":"default-arg","locations":[{"start":{"line":27,"column":12},"end":{"line":27,"column":14}}],"line":27},"11":{"loc":{"start":{"line":28,"column":17},"end":{"line":28,"column":26}},"type":"default-arg","locations":[{"start":{"line":28,"column":24},"end":{"line":28,"column":26}}],"line":28},"12":{"loc":{"start":{"line":29,"column":11},"end":{"line":29,"column":72}},"type":"default-arg","locations":[{"start":{"line":29,"column":70},"end":{"line":29,"column":72}}],"line":29},"13":{"loc":{"start":{"line":29,"column":19},"end":{"line":29,"column":65}},"type":"default-arg","locations":[{"start":{"line":29,"column":63},"end":{"line":29,"column":65}}],"line":29},"14":{"loc":{"start":{"line":29,"column":33},"end":{"line":29,"column":58}},"type":"default-arg","locations":[{"start":{"line":29,"column":56},"end":{"line":29,"column":58}}],"line":29},"15":{"loc":{"start":{"line":29,"column":40},"end":{"line":29,"column":51}},"type":"default-arg","locations":[{"start":{"line":29,"column":49},"end":{"line":29,"column":51}}],"line":29},"16":{"loc":{"start":{"line":30,"column":14},"end":{"line":30,"column":72}},"type":"default-arg","locations":[{"start":{"line":30,"column":67},"end":{"line":30,"column":72}}],"line":30},"17":{"loc":{"start":{"line":30,"column":16},"end":{"line":30,"column":34}},"type":"default-arg","locations":[{"start":{"line":30,"column":29},"end":{"line":30,"column":34}}],"line":30},"18":{"loc":{"start":{"line":30,"column":48},"end":{"line":30,"column":62}},"type":"default-arg","locations":[{"start":{"line":30,"column":60},"end":{"line":30,"column":62}}],"line":30},"19":{"loc":{"start":{"line":43,"column":34},"end":{"line":43,"column":46}},"type":"default-arg","locations":[{"start":{"line":43,"column":44},"end":{"line":43,"column":46}}],"line":43},"20":{"loc":{"start":{"line":45,"column":17},"end":{"line":45,"column":31}},"type":"default-arg","locations":[{"start":{"line":45,"column":29},"end":{"line":45,"column":31}}],"line":45},"21":{"loc":{"start":{"line":46,"column":4},"end":{"line":46,"column":14}},"type":"default-arg","locations":[{"start":{"line":46,"column":12},"end":{"line":46,"column":14}}],"line":46},"22":{"loc":{"start":{"line":47,"column":13},"end":{"line":47,"column":22}},"type":"default-arg","locations":[{"start":{"line":47,"column":20},"end":{"line":47,"column":22}}],"line":47},"23":{"loc":{"start":{"line":48,"column":14},"end":{"line":48,"column":72}},"type":"default-arg","locations":[{"start":{"line":48,"column":67},"end":{"line":48,"column":72}}],"line":48},"24":{"loc":{"start":{"line":48,"column":16},"end":{"line":48,"column":34}},"type":"default-arg","locations":[{"start":{"line":48,"column":29},"end":{"line":48,"column":34}}],"line":48},"25":{"loc":{"start":{"line":48,"column":48},"end":{"line":48,"column":62}},"type":"default-arg","locations":[{"start":{"line":48,"column":60},"end":{"line":48,"column":62}}],"line":48},"26":{"loc":{"start":{"line":60,"column":28},"end":{"line":60,"column":40}},"type":"default-arg","locations":[{"start":{"line":60,"column":38},"end":{"line":60,"column":40}}],"line":60},"27":{"loc":{"start":{"line":62,"column":17},"end":{"line":62,"column":31}},"type":"default-arg","locations":[{"start":{"line":62,"column":29},"end":{"line":62,"column":31}}],"line":62},"28":{"loc":{"start":{"line":63,"column":4},"end":{"line":63,"column":14}},"type":"default-arg","locations":[{"start":{"line":63,"column":12},"end":{"line":63,"column":14}}],"line":63},"29":{"loc":{"start":{"line":64,"column":4},"end":{"line":64,"column":20}},"type":"default-arg","locations":[{"start":{"line":64,"column":18},"end":{"line":64,"column":20}}],"line":64},"30":{"loc":{"start":{"line":65,"column":14},"end":{"line":65,"column":72}},"type":"default-arg","locations":[{"start":{"line":65,"column":67},"end":{"line":65,"column":72}}],"line":65},"31":{"loc":{"start":{"line":65,"column":16},"end":{"line":65,"column":34}},"type":"default-arg","locations":[{"start":{"line":65,"column":29},"end":{"line":65,"column":34}}],"line":65},"32":{"loc":{"start":{"line":65,"column":48},"end":{"line":65,"column":62}},"type":"default-arg","locations":[{"start":{"line":65,"column":60},"end":{"line":65,"column":62}}],"line":65},"33":{"loc":{"start":{"line":66,"column":15},"end":{"line":66,"column":24}},"type":"default-arg","locations":[{"start":{"line":66,"column":22},"end":{"line":66,"column":24}}],"line":66},"34":{"loc":{"start":{"line":76,"column":14},"end":{"line":76,"column":24}},"type":"default-arg","locations":[{"start":{"line":76,"column":22},"end":{"line":76,"column":24}}],"line":76},"35":{"loc":{"start":{"line":76,"column":26},"end":{"line":76,"column":42}},"type":"default-arg","locations":[{"start":{"line":76,"column":40},"end":{"line":76,"column":42}}],"line":76},"36":{"loc":{"start":{"line":85,"column":29},"end":{"line":85,"column":41}},"type":"default-arg","locations":[{"start":{"line":85,"column":39},"end":{"line":85,"column":41}}],"line":85},"37":{"loc":{"start":{"line":87,"column":17},"end":{"line":87,"column":31}},"type":"default-arg","locations":[{"start":{"line":87,"column":29},"end":{"line":87,"column":31}}],"line":87},"38":{"loc":{"start":{"line":88,"column":4},"end":{"line":88,"column":14}},"type":"default-arg","locations":[{"start":{"line":88,"column":12},"end":{"line":88,"column":14}}],"line":88},"39":{"loc":{"start":{"line":89,"column":4},"end":{"line":89,"column":20}},"type":"default-arg","locations":[{"start":{"line":89,"column":18},"end":{"line":89,"column":20}}],"line":89},"40":{"loc":{"start":{"line":90,"column":14},"end":{"line":90,"column":72}},"type":"default-arg","locations":[{"start":{"line":90,"column":67},"end":{"line":90,"column":72}}],"line":90},"41":{"loc":{"start":{"line":90,"column":16},"end":{"line":90,"column":34}},"type":"default-arg","locations":[{"start":{"line":90,"column":29},"end":{"line":90,"column":34}}],"line":90},"42":{"loc":{"start":{"line":90,"column":48},"end":{"line":90,"column":62}},"type":"default-arg","locations":[{"start":{"line":90,"column":60},"end":{"line":90,"column":62}}],"line":90},"43":{"loc":{"start":{"line":91,"column":16},"end":{"line":91,"column":25}},"type":"default-arg","locations":[{"start":{"line":91,"column":23},"end":{"line":91,"column":25}}],"line":91},"44":{"loc":{"start":{"line":101,"column":19},"end":{"line":101,"column":30}},"type":"default-arg","locations":[{"start":{"line":101,"column":28},"end":{"line":101,"column":30}}],"line":101},"45":{"loc":{"start":{"line":101,"column":49},"end":{"line":101,"column":61}},"type":"default-arg","locations":[{"start":{"line":101,"column":59},"end":{"line":101,"column":61}}],"line":101}},"s":{"0":2,"1":7,"2":7,"3":1,"4":6,"5":1,"6":5,"7":4,"8":4,"9":2,"10":2,"11":1,"12":2,"13":2,"14":3,"15":3,"16":2,"17":3,"18":3,"19":2,"20":4,"21":4,"22":6,"23":6,"24":2,"25":3,"26":3,"27":2,"28":2},"f":{"0":7,"1":7,"2":3,"3":3,"4":4,"5":6,"6":3,"7":2},"b":{"0":[1],"1":[1,6],"2":[1,5],"3":[4,1],"4":[2],"5":[2],"6":[2,2],"7":[1,1],"8":[1],"9":[1],"10":[1],"11":[1],"12":[1],"13":[1],"14":[1],"15":[1],"16":[1],"17":[1],"18":[1],"19":[1],"20":[1],"21":[1],"22":[1],"23":[1],"24":[1],"25":[1],"26":[1],"27":[1],"28":[2],"29":[2],"30":[2],"31":[2],"32":[2],"33":[1],"34":[1],"35":[1],"36":[1],"37":[1],"38":[2],"39":[2],"40":[2],"41":[2],"42":[2],"43":[1],"44":[0],"45":[0]},"_coverageSchema":"1a1c01bbd47fc00a2c39e90264f33305004495a9","hash":"7ea32b87bc3fa4d1cb71ed13e766e04035f2ae37"}
,"C:\\Users\\gamer\\Desktop\\Programas\\Front-End\\react\\create-landing-pages\\client\\src\\api\\map_menu.js": {"path":"C:\\Users\\gamer\\Desktop\\Programas\\Front-End\\react\\create-landing-pages\\client\\src\\api\\map_menu.js","statementMap":{"0":{"start":{"line":1,"column":23},"end":{"line":17,"column":1}},"1":{"start":{"line":8,"column":6},"end":{"line":8,"column":10}},"2":{"start":{"line":10,"column":2},"end":{"line":16,"column":4}},"3":{"start":{"line":19,"column":28},"end":{"line":33,"column":1}},"4":{"start":{"line":20,"column":2},"end":{"line":32,"column":5}},"5":{"start":{"line":25,"column":8},"end":{"line":25,"column":12}},"6":{"start":{"line":27,"column":4},"end":{"line":31,"column":6}}},"fnMap":{"0":{"name":"(anonymous_0)","decl":{"start":{"line":1,"column":23},"end":{"line":1,"column":24}},"loc":{"start":{"line":1,"column":38},"end":{"line":17,"column":1}},"line":1},"1":{"name":"(anonymous_1)","decl":{"start":{"line":19,"column":28},"end":{"line":19,"column":29}},"loc":{"start":{"line":19,"column":44},"end":{"line":33,"column":1}},"line":19},"2":{"name":"(anonymous_2)","decl":{"start":{"line":20,"column":19},"end":{"line":20,"column":20}},"loc":{"start":{"line":20,"column":29},"end":{"line":32,"column":3}},"line":20}},"branchMap":{"0":{"loc":{"start":{"line":1,"column":24},"end":{"line":1,"column":33}},"type":"default-arg","locations":[{"start":{"line":1,"column":31},"end":{"line":1,"column":33}}],"line":1},"1":{"loc":{"start":{"line":3,"column":21},"end":{"line":3,"column":35}},"type":"default-arg","locations":[{"start":{"line":3,"column":30},"end":{"line":3,"column":35}}],"line":3},"2":{"loc":{"start":{"line":4,"column":15},"end":{"line":4,"column":24}},"type":"default-arg","locations":[{"start":{"line":4,"column":22},"end":{"line":4,"column":24}}],"line":4},"3":{"loc":{"start":{"line":5,"column":15},"end":{"line":5,"column":24}},"type":"default-arg","locations":[{"start":{"line":5,"column":22},"end":{"line":5,"column":24}}],"line":5},"4":{"loc":{"start":{"line":6,"column":10},"end":{"line":6,"column":71}},"type":"default-arg","locations":[{"start":{"line":6,"column":69},"end":{"line":6,"column":71}}],"line":6},"5":{"loc":{"start":{"line":6,"column":18},"end":{"line":6,"column":64}},"type":"default-arg","locations":[{"start":{"line":6,"column":62},"end":{"line":6,"column":64}}],"line":6},"6":{"loc":{"start":{"line":6,"column":32},"end":{"line":6,"column":57}},"type":"default-arg","locations":[{"start":{"line":6,"column":55},"end":{"line":6,"column":57}}],"line":6},"7":{"loc":{"start":{"line":6,"column":39},"end":{"line":6,"column":50}},"type":"default-arg","locations":[{"start":{"line":6,"column":48},"end":{"line":6,"column":50}}],"line":6},"8":{"loc":{"start":{"line":7,"column":16},"end":{"line":7,"column":26}},"type":"default-arg","locations":[{"start":{"line":7,"column":24},"end":{"line":7,"column":26}}],"line":7},"9":{"loc":{"start":{"line":19,"column":29},"end":{"line":19,"column":39}},"type":"default-arg","locations":[{"start":{"line":19,"column":37},"end":{"line":19,"column":39}}],"line":19},"10":{"loc":{"start":{"line":22,"column":23},"end":{"line":22,"column":37}},"type":"default-arg","locations":[{"start":{"line":22,"column":32},"end":{"line":22,"column":37}}],"line":22},"11":{"loc":{"start":{"line":23,"column":17},"end":{"line":23,"column":30}},"type":"default-arg","locations":[{"start":{"line":23,"column":28},"end":{"line":23,"column":30}}],"line":23},"12":{"loc":{"start":{"line":24,"column":11},"end":{"line":24,"column":20}},"type":"default-arg","locations":[{"start":{"line":24,"column":18},"end":{"line":24,"column":20}}],"line":24}},"s":{"0":2,"1":4,"2":4,"3":2,"4":6,"5":4,"6":4},"f":{"0":4,"1":6,"2":4},"b":{"0":[1],"1":[3],"2":[3],"3":[3],"4":[3],"5":[3],"6":[3],"7":[3],"8":[3],"9":[1],"10":[1],"11":[1],"12":[1]},"_coverageSchema":"1a1c01bbd47fc00a2c39e90264f33305004495a9","hash":"437f99958954f8df4c41dd7ff1588f190a749465"}
,"C:\\Users\\gamer\\Desktop\\Programas\\Front-End\\react\\create-landing-pages\\client\\src\\components\\Footer\\index.jsx": {"path":"C:\\Users\\gamer\\Desktop\\Programas\\Front-End\\react\\create-landing-pages\\client\\src\\components\\Footer\\index.jsx","statementMap":{"0":{"start":{"line":6,"column":15},"end":{"line":14,"column":1}},"1":{"start":{"line":7,"column":2},"end":{"line":13,"column":4}},"2":{"start":{"line":16,"column":0},"end":{"line":18,"column":2}}},"fnMap":{"0":{"name":"(anonymous_0)","decl":{"start":{"line":6,"column":15},"end":{"line":6,"column":16}},"loc":{"start":{"line":6,"column":35},"end":{"line":14,"column":1}},"line":6}},"branchMap":{},"s":{"0":1,"1":1,"2":1},"f":{"0":1},"b":{},"_coverageSchema":"1a1c01bbd47fc00a2c39e90264f33305004495a9","hash":"ac852471f79c853c87bc9fe9d74d26600d3b5769"}
,"C:\\Users\\gamer\\Desktop\\Programas\\Front-End\\react\\create-landing-pages\\client\\src\\components\\Footer\\styles.js": {"path":"C:\\Users\\gamer\\Desktop\\Programas\\Front-End\\react\\create-landing-pages\\client\\src\\components\\Footer\\styles.js","statementMap":{"0":{"start":{"line":5,"column":25},"end":{"line":22,"column":1}},"1":{"start":{"line":6,"column":19},"end":{"line":21,"column":3}}},"fnMap":{"0":{"name":"(anonymous_0)","decl":{"start":{"line":6,"column":4},"end":{"line":6,"column":5}},"loc":{"start":{"line":6,"column":19},"end":{"line":21,"column":3}},"line":6}},"branchMap":{},"s":{"0":1,"1":1},"f":{"0":1},"b":{},"_coverageSchema":"1a1c01bbd47fc00a2c39e90264f33305004495a9","hash":"d0e29c5b4db59f11d076fff3333d282d32197b86"}
,"C:\\Users\\gamer\\Desktop\\Programas\\Front-End\\react\\create-landing-pages\\client\\src\\components\\GoTop\\index.jsx": {"path":"C:\\Users\\gamer\\Desktop\\Programas\\Front-End\\react\\create-landing-pages\\client\\src\\components\\GoTop\\index.jsx","statementMap":{"0":{"start":{"line":4,"column":14},"end":{"line":10,"column":1}},"1":{"start":{"line":5,"column":2},"end":{"line":9,"column":4}}},"fnMap":{"0":{"name":"(anonymous_0)","decl":{"start":{"line":4,"column":14},"end":{"line":4,"column":15}},"loc":{"start":{"line":4,"column":20},"end":{"line":10,"column":1}},"line":4}},"branchMap":{},"s":{"0":1,"1":1},"f":{"0":1},"b":{},"_coverageSchema":"1a1c01bbd47fc00a2c39e90264f33305004495a9","hash":"cc3c87508da68044c47e914617e7e1894190ba4b"}
,"C:\\Users\\gamer\\Desktop\\Programas\\Front-End\\react\\create-landing-pages\\client\\src\\components\\GoTop\\styles.js": {"path":"C:\\Users\\gamer\\Desktop\\Programas\\Front-End\\react\\create-landing-pages\\client\\src\\components\\GoTop\\styles.js","statementMap":{"0":{"start":{"line":3,"column":25},"end":{"line":18,"column":1}},"1":{"start":{"line":4,"column":19},"end":{"line":17,"column":3}}},"fnMap":{"0":{"name":"(anonymous_0)","decl":{"start":{"line":4,"column":4},"end":{"line":4,"column":5}},"loc":{"start":{"line":4,"column":19},"end":{"line":17,"column":3}},"line":4}},"branchMap":{},"s":{"0":1,"1":1},"f":{"0":1},"b":{},"_coverageSchema":"1a1c01bbd47fc00a2c39e90264f33305004495a9","hash":"c990577604e2ab6c92109250348d5d8cd335176d"}
,"C:\\Users\\gamer\\Desktop\\Programas\\Front-End\\react\\create-landing-pages\\client\\src\\components\\GridContent\\index.jsx": {"path":"C:\\Users\\gamer\\Desktop\\Programas\\Front-End\\react\\create-landing-pages\\client\\src\\components\\GridContent\\index.jsx","statementMap":{"0":{"start":{"line":7,"column":20},"end":{"line":20,"column":1}},"1":{"start":{"line":8,"column":2},"end":{"line":19,"column":4}},"2":{"start":{"line":22,"column":0},"end":{"line":27,"column":2}}},"fnMap":{"0":{"name":"(anonymous_0)","decl":{"start":{"line":7,"column":20},"end":{"line":7,"column":21}},"loc":{"start":{"line":7,"column":77},"end":{"line":20,"column":1}},"line":7}},"branchMap":{"0":{"loc":{"start":{"line":7,"column":36},"end":{"line":7,"column":54}},"type":"default-arg","locations":[{"start":{"line":7,"column":49},"end":{"line":7,"column":54}}],"line":7},"1":{"loc":{"start":{"line":7,"column":56},"end":{"line":7,"column":70}},"type":"default-arg","locations":[{"start":{"line":7,"column":68},"end":{"line":7,"column":70}}],"line":7}},"s":{"0":1,"1":2,"2":1},"f":{"0":2},"b":{"0":[2],"1":[2]},"_coverageSchema":"1a1c01bbd47fc00a2c39e90264f33305004495a9","hash":"428f225762bc657adffa938a06412d8830eaa11e"}
,"C:\\Users\\gamer\\Desktop\\Programas\\Front-End\\react\\create-landing-pages\\client\\src\\components\\GridContent\\styles.js": {"path":"C:\\Users\\gamer\\Desktop\\Programas\\Front-End\\react\\create-landing-pages\\client\\src\\components\\GridContent\\styles.js","statementMap":{"0":{"start":{"line":3,"column":25},"end":{"line":9,"column":1}},"1":{"start":{"line":4,"column":19},"end":{"line":8,"column":3}},"2":{"start":{"line":11,"column":20},"end":{"line":15,"column":1}},"3":{"start":{"line":12,"column":19},"end":{"line":14,"column":3}}},"fnMap":{"0":{"name":"(anonymous_0)","decl":{"start":{"line":4,"column":4},"end":{"line":4,"column":5}},"loc":{"start":{"line":4,"column":19},"end":{"line":8,"column":3}},"line":4},"1":{"name":"(anonymous_1)","decl":{"start":{"line":12,"column":4},"end":{"line":12,"column":5}},"loc":{"start":{"line":12,"column":19},"end":{"line":14,"column":3}},"line":12}},"branchMap":{},"s":{"0":1,"1":2,"2":1,"3":2},"f":{"0":2,"1":2},"b":{},"_coverageSchema":"1a1c01bbd47fc00a2c39e90264f33305004495a9","hash":"af86413600f0949e0d67b67208f673e03bc6bce6"}
,"C:\\Users\\gamer\\Desktop\\Programas\\Front-End\\react\\create-landing-pages\\client\\src\\components\\GridImage\\index.jsx": {"path":"C:\\Users\\gamer\\Desktop\\Programas\\Front-End\\react\\create-landing-pages\\client\\src\\components\\GridImage\\index.jsx","statementMap":{"0":{"start":{"line":7,"column":18},"end":{"line":31,"column":1}},"1":{"start":{"line":14,"column":2},"end":{"line":30,"column":4}},"2":{"start":{"line":23,"column":12},"end":{"line":25,"column":26}},"3":{"start":{"line":33,"column":0},"end":{"line":44,"column":2}}},"fnMap":{"0":{"name":"(anonymous_0)","decl":{"start":{"line":7,"column":18},"end":{"line":7,"column":19}},"loc":{"start":{"line":13,"column":6},"end":{"line":31,"column":1}},"line":13},"1":{"name":"(anonymous_1)","decl":{"start":{"line":22,"column":20},"end":{"line":22,"column":21}},"loc":{"start":{"line":23,"column":12},"end":{"line":25,"column":26}},"line":23}},"branchMap":{"0":{"loc":{"start":{"line":11,"column":2},"end":{"line":11,"column":20}},"type":"default-arg","locations":[{"start":{"line":11,"column":15},"end":{"line":11,"column":20}}],"line":11},"1":{"loc":{"start":{"line":12,"column":2},"end":{"line":12,"column":16}},"type":"default-arg","locations":[{"start":{"line":12,"column":14},"end":{"line":12,"column":16}}],"line":12}},"s":{"0":1,"1":2,"2":12,"3":1},"f":{"0":2,"1":12},"b":{"0":[1],"1":[2]},"_coverageSchema":"1a1c01bbd47fc00a2c39e90264f33305004495a9","hash":"d82064e4311153ae1e4f54881fa61812f7dc83a4"}
,"C:\\Users\\gamer\\Desktop\\Programas\\Front-End\\react\\create-landing-pages\\client\\src\\components\\GridImage\\styles.js": {"path":"C:\\Users\\gamer\\Desktop\\Programas\\Front-End\\react\\create-landing-pages\\client\\src\\components\\GridImage\\styles.js","statementMap":{"0":{"start":{"line":5,"column":25},"end":{"line":11,"column":1}},"1":{"start":{"line":6,"column":19},"end":{"line":10,"column":3}},"2":{"start":{"line":13,"column":20},"end":{"line":23,"column":1}},"3":{"start":{"line":14,"column":19},"end":{"line":22,"column":3}},"4":{"start":{"line":25,"column":27},"end":{"line":29,"column":1}},"5":{"start":{"line":26,"column":19},"end":{"line":28,"column":3}},"6":{"start":{"line":31,"column":21},"end":{"line":40,"column":1}},"7":{"start":{"line":32,"column":19},"end":{"line":39,"column":3}}},"fnMap":{"0":{"name":"(anonymous_0)","decl":{"start":{"line":6,"column":4},"end":{"line":6,"column":5}},"loc":{"start":{"line":6,"column":19},"end":{"line":10,"column":3}},"line":6},"1":{"name":"(anonymous_1)","decl":{"start":{"line":14,"column":4},"end":{"line":14,"column":5}},"loc":{"start":{"line":14,"column":19},"end":{"line":22,"column":3}},"line":14},"2":{"name":"(anonymous_2)","decl":{"start":{"line":26,"column":4},"end":{"line":26,"column":5}},"loc":{"start":{"line":26,"column":19},"end":{"line":28,"column":3}},"line":26},"3":{"name":"(anonymous_3)","decl":{"start":{"line":32,"column":4},"end":{"line":32,"column":5}},"loc":{"start":{"line":32,"column":19},"end":{"line":39,"column":3}},"line":32}},"branchMap":{},"s":{"0":1,"1":2,"2":1,"3":2,"4":1,"5":12,"6":1,"7":12},"f":{"0":2,"1":2,"2":12,"3":12},"b":{},"_coverageSchema":"1a1c01bbd47fc00a2c39e90264f33305004495a9","hash":"919862ad518f89ee74e7364dfdb85d0f064deaa0"}
,"C:\\Users\\gamer\\Desktop\\Programas\\Front-End\\react\\create-landing-pages\\client\\src\\components\\GridText\\index.jsx": {"path":"C:\\Users\\gamer\\Desktop\\Programas\\Front-End\\react\\create-landing-pages\\client\\src\\components\\GridText\\index.jsx","statementMap":{"0":{"start":{"line":7,"column":17},"end":{"line":34,"column":1}},"1":{"start":{"line":14,"column":2},"end":{"line":33,"column":4}},"2":{"start":{"line":23,"column":12},"end":{"line":28,"column":26}},"3":{"start":{"line":36,"column":0},"end":{"line":47,"column":2}}},"fnMap":{"0":{"name":"(anonymous_0)","decl":{"start":{"line":7,"column":17},"end":{"line":7,"column":18}},"loc":{"start":{"line":13,"column":6},"end":{"line":34,"column":1}},"line":13},"1":{"name":"(anonymous_1)","decl":{"start":{"line":22,"column":20},"end":{"line":22,"column":21}},"loc":{"start":{"line":23,"column":12},"end":{"line":28,"column":26}},"line":23}},"branchMap":{"0":{"loc":{"start":{"line":11,"column":2},"end":{"line":11,"column":20}},"type":"default-arg","locations":[{"start":{"line":11,"column":15},"end":{"line":11,"column":20}}],"line":11},"1":{"loc":{"start":{"line":12,"column":2},"end":{"line":12,"column":16}},"type":"default-arg","locations":[{"start":{"line":12,"column":14},"end":{"line":12,"column":16}}],"line":12}},"s":{"0":1,"1":2,"2":6,"3":1},"f":{"0":2,"1":6},"b":{"0":[1],"1":[2]},"_coverageSchema":"1a1c01bbd47fc00a2c39e90264f33305004495a9","hash":"80e2ef4af7448976572a5429cc5a7d8a6de4670d"}
,"C:\\Users\\gamer\\Desktop\\Programas\\Front-End\\react\\create-landing-pages\\client\\src\\components\\GridText\\styles.js": {"path":"C:\\Users\\gamer\\Desktop\\Programas\\Front-End\\react\\create-landing-pages\\client\\src\\components\\GridText\\styles.js","statementMap":{"0":{"start":{"line":5,"column":25},"end":{"line":11,"column":1}},"1":{"start":{"line":6,"column":19},"end":{"line":10,"column":3}},"2":{"start":{"line":13,"column":20},"end":{"line":26,"column":1}},"3":{"start":{"line":14,"column":19},"end":{"line":25,"column":3}},"4":{"start":{"line":28,"column":27},"end":{"line":44,"column":1}},"5":{"start":{"line":29,"column":19},"end":{"line":43,"column":3}}},"fnMap":{"0":{"name":"(anonymous_0)","decl":{"start":{"line":6,"column":4},"end":{"line":6,"column":5}},"loc":{"start":{"line":6,"column":19},"end":{"line":10,"column":3}},"line":6},"1":{"name":"(anonymous_1)","decl":{"start":{"line":14,"column":4},"end":{"line":14,"column":5}},"loc":{"start":{"line":14,"column":19},"end":{"line":25,"column":3}},"line":14},"2":{"name":"(anonymous_2)","decl":{"start":{"line":29,"column":4},"end":{"line":29,"column":5}},"loc":{"start":{"line":29,"column":19},"end":{"line":43,"column":3}},"line":29}},"branchMap":{},"s":{"0":1,"1":2,"2":1,"3":2,"4":1,"5":6},"f":{"0":2,"1":2,"2":6},"b":{},"_coverageSchema":"1a1c01bbd47fc00a2c39e90264f33305004495a9","hash":"56f8f486fd2616da84910b9a084e5fe3f78418f8"}
,"C:\\Users\\gamer\\Desktop\\Programas\\Front-End\\react\\create-landing-pages\\client\\src\\components\\GridTwoColumns\\index.jsx": {"path":"C:\\Users\\gamer\\Desktop\\Programas\\Front-End\\react\\create-landing-pages\\client\\src\\components\\GridTwoColumns\\index.jsx","statementMap":{"0":{"start":{"line":7,"column":23},"end":{"line":29,"column":1}},"1":{"start":{"line":14,"column":2},"end":{"line":28,"column":4}},"2":{"start":{"line":31,"column":0},"end":{"line":37,"column":2}}},"fnMap":{"0":{"name":"(anonymous_0)","decl":{"start":{"line":7,"column":23},"end":{"line":7,"column":24}},"loc":{"start":{"line":13,"column":6},"end":{"line":29,"column":1}},"line":13}},"branchMap":{"0":{"loc":{"start":{"line":11,"column":2},"end":{"line":11,"column":20}},"type":"default-arg","locations":[{"start":{"line":11,"column":15},"end":{"line":11,"column":20}}],"line":11},"1":{"loc":{"start":{"line":12,"column":2},"end":{"line":12,"column":16}},"type":"default-arg","locations":[{"start":{"line":12,"column":14},"end":{"line":12,"column":16}}],"line":12}},"s":{"0":1,"1":1,"2":1},"f":{"0":1},"b":{"0":[1],"1":[1]},"_coverageSchema":"1a1c01bbd47fc00a2c39e90264f33305004495a9","hash":"7d2136ffcfcabf608dc474e6f8f6bd69beefa451"}
,"C:\\Users\\gamer\\Desktop\\Programas\\Front-End\\react\\create-landing-pages\\client\\src\\components\\GridTwoColumns\\styles.js": {"path":"C:\\Users\\gamer\\Desktop\\Programas\\Front-End\\react\\create-landing-pages\\client\\src\\components\\GridTwoColumns\\styles.js","statementMap":{"0":{"start":{"line":4,"column":25},"end":{"line":20,"column":1}},"1":{"start":{"line":5,"column":19},"end":{"line":19,"column":3}},"2":{"start":{"line":22,"column":29},"end":{"line":28,"column":1}},"3":{"start":{"line":23,"column":19},"end":{"line":27,"column":3}},"4":{"start":{"line":30,"column":30},"end":{"line":30,"column":42}},"5":{"start":{"line":32,"column":21},"end":{"line":34,"column":1}}},"fnMap":{"0":{"name":"(anonymous_0)","decl":{"start":{"line":5,"column":4},"end":{"line":5,"column":5}},"loc":{"start":{"line":5,"column":19},"end":{"line":19,"column":3}},"line":5},"1":{"name":"(anonymous_1)","decl":{"start":{"line":23,"column":4},"end":{"line":23,"column":5}},"loc":{"start":{"line":23,"column":19},"end":{"line":27,"column":3}},"line":23}},"branchMap":{},"s":{"0":1,"1":1,"2":1,"3":1,"4":1,"5":1},"f":{"0":1,"1":1},"b":{},"_coverageSchema":"1a1c01bbd47fc00a2c39e90264f33305004495a9","hash":"b437d394d2af56f807588488e09c6ef5ae7b9d95"}
,"C:\\Users\\gamer\\Desktop\\Programas\\Front-End\\react\\create-landing-pages\\client\\src\\components\\Heading\\index.jsx": {"path":"C:\\Users\\gamer\\Desktop\\Programas\\Front-End\\react\\create-landing-pages\\client\\src\\components\\Heading\\index.jsx","statementMap":{"0":{"start":{"line":4,"column":16},"end":{"line":16,"column":1}},"1":{"start":{"line":11,"column":2},"end":{"line":15,"column":4}},"2":{"start":{"line":18,"column":0},"end":{"line":24,"column":2}}},"fnMap":{"0":{"name":"(anonymous_0)","decl":{"start":{"line":4,"column":16},"end":{"line":4,"column":17}},"loc":{"start":{"line":10,"column":6},"end":{"line":16,"column":1}},"line":10}},"branchMap":{"0":{"loc":{"start":{"line":6,"column":2},"end":{"line":6,"column":18}},"type":"default-arg","locations":[{"start":{"line":6,"column":14},"end":{"line":6,"column":18}}],"line":6},"1":{"loc":{"start":{"line":7,"column":2},"end":{"line":7,"column":11}},"type":"default-arg","locations":[{"start":{"line":7,"column":7},"end":{"line":7,"column":11}}],"line":7},"2":{"loc":{"start":{"line":8,"column":2},"end":{"line":8,"column":15}},"type":"default-arg","locations":[{"start":{"line":8,"column":9},"end":{"line":8,"column":15}}],"line":8},"3":{"loc":{"start":{"line":9,"column":2},"end":{"line":9,"column":19}},"type":"default-arg","locations":[{"start":{"line":9,"column":14},"end":{"line":9,"column":19}}],"line":9}},"s":{"0":7,"1":33,"2":7},"f":{"0":33},"b":{"0":[19],"1":[19],"2":[7],"3":[14]},"_coverageSchema":"1a1c01bbd47fc00a2c39e90264f33305004495a9","hash":"27d212b3e17d8c1ad3d8f2ed579356f778fc864a"}
,"C:\\Users\\gamer\\Desktop\\Programas\\Front-End\\react\\create-landing-pages\\client\\src\\components\\Heading\\styles.js": {"path":"C:\\Users\\gamer\\Desktop\\Programas\\Front-End\\react\\create-landing-pages\\client\\src\\components\\Heading\\styles.js","statementMap":{"0":{"start":{"line":3,"column":18},"end":{"line":17,"column":1}},"1":{"start":{"line":4,"column":20},"end":{"line":6,"column":3}},"2":{"start":{"line":7,"column":21},"end":{"line":9,"column":3}},"3":{"start":{"line":10,"column":18},"end":{"line":12,"column":3}},"4":{"start":{"line":13,"column":19},"end":{"line":16,"column":3}},"5":{"start":{"line":19,"column":18},"end":{"line":23,"column":1}},"6":{"start":{"line":19,"column":29},"end":{"line":23,"column":1}},"7":{"start":{"line":25,"column":18},"end":{"line":27,"column":1}},"8":{"start":{"line":25,"column":33},"end":{"line":27,"column":1}},"9":{"start":{"line":29,"column":21},"end":{"line":35,"column":1}},"10":{"start":{"line":30,"column":47},"end":{"line":34,"column":3}}},"fnMap":{"0":{"name":"(anonymous_0)","decl":{"start":{"line":4,"column":9},"end":{"line":4,"column":10}},"loc":{"start":{"line":4,"column":20},"end":{"line":6,"column":3}},"line":4},"1":{"name":"(anonymous_1)","decl":{"start":{"line":7,"column":10},"end":{"line":7,"column":11}},"loc":{"start":{"line":7,"column":21},"end":{"line":9,"column":3}},"line":7},"2":{"name":"(anonymous_2)","decl":{"start":{"line":10,"column":7},"end":{"line":10,"column":8}},"loc":{"start":{"line":10,"column":18},"end":{"line":12,"column":3}},"line":10},"3":{"name":"(anonymous_3)","decl":{"start":{"line":13,"column":8},"end":{"line":13,"column":9}},"loc":{"start":{"line":13,"column":19},"end":{"line":16,"column":3}},"line":13},"4":{"name":"(anonymous_4)","decl":{"start":{"line":19,"column":18},"end":{"line":19,"column":19}},"loc":{"start":{"line":19,"column":29},"end":{"line":23,"column":1}},"line":19},"5":{"name":"(anonymous_5)","decl":{"start":{"line":25,"column":18},"end":{"line":25,"column":19}},"loc":{"start":{"line":25,"column":33},"end":{"line":27,"column":1}},"line":25},"6":{"name":"(anonymous_6)","decl":{"start":{"line":30,"column":4},"end":{"line":30,"column":5}},"loc":{"start":{"line":30,"column":47},"end":{"line":34,"column":3}},"line":30}},"branchMap":{"0":{"loc":{"start":{"line":26,"column":20},"end":{"line":26,"column":52}},"type":"cond-expr","locations":[{"start":{"line":26,"column":32},"end":{"line":26,"column":43}},{"start":{"line":26,"column":46},"end":{"line":26,"column":52}}],"line":26},"1":{"loc":{"start":{"line":31,"column":13},"end":{"line":31,"column":71}},"type":"cond-expr","locations":[{"start":{"line":31,"column":25},"end":{"line":31,"column":50}},{"start":{"line":31,"column":53},"end":{"line":31,"column":71}}],"line":31}},"s":{"0":7,"1":18,"2":1,"3":1,"4":13,"5":7,"6":13,"7":7,"8":33,"9":7,"10":33},"f":{"0":18,"1":1,"2":1,"3":13,"4":13,"5":33,"6":33},"b":{"0":[19,14],"1":[32,1]},"_coverageSchema":"1a1c01bbd47fc00a2c39e90264f33305004495a9","hash":"13ce78c4269926acf5ad2d388c9fd856a659eb07"}
,"C:\\Users\\gamer\\Desktop\\Programas\\Front-End\\react\\create-landing-pages\\client\\src\\components\\LogoLink\\index.jsx": {"path":"C:\\Users\\gamer\\Desktop\\Programas\\Front-End\\react\\create-landing-pages\\client\\src\\components\\LogoLink\\index.jsx","statementMap":{"0":{"start":{"line":5,"column":17},"end":{"line":14,"column":1}},"1":{"start":{"line":6,"column":2},"end":{"line":13,"column":4}},"2":{"start":{"line":16,"column":0},"end":{"line":20,"column":2}}},"fnMap":{"0":{"name":"(anonymous_0)","decl":{"start":{"line":5,"column":17},"end":{"line":5,"column":18}},"loc":{"start":{"line":5,"column":50},"end":{"line":14,"column":1}},"line":5}},"branchMap":{"0":{"loc":{"start":{"line":5,"column":26},"end":{"line":5,"column":37}},"type":"default-arg","locations":[{"start":{"line":5,"column":35},"end":{"line":5,"column":37}}],"line":5},"1":{"loc":{"start":{"line":9,"column":9},"end":{"line":9,"column":52}},"type":"binary-expr","locations":[{"start":{"line":9,"column":9},"end":{"line":9,"column":17}},{"start":{"line":9,"column":21},"end":{"line":9,"column":52}}],"line":9},"2":{"loc":{"start":{"line":10,"column":9},"end":{"line":10,"column":24}},"type":"binary-expr","locations":[{"start":{"line":10,"column":9},"end":{"line":10,"column":16}},{"start":{"line":10,"column":20},"end":{"line":10,"column":24}}],"line":10}},"s":{"0":2,"1":11,"2":2},"f":{"0":11},"b":{"0":[9],"1":[11,2],"2":[11,9]},"_coverageSchema":"1a1c01bbd47fc00a2c39e90264f33305004495a9","hash":"967703b360c13c9d1e4db7d93e08225a238eac29"}
,"C:\\Users\\gamer\\Desktop\\Programas\\Front-End\\react\\create-landing-pages\\client\\src\\components\\LogoLink\\styles.js": {"path":"C:\\Users\\gamer\\Desktop\\Programas\\Front-End\\react\\create-landing-pages\\client\\src\\components\\LogoLink\\styles.js","statementMap":{"0":{"start":{"line":3,"column":25},"end":{"line":13,"column":1}},"1":{"start":{"line":4,"column":19},"end":{"line":12,"column":3}}},"fnMap":{"0":{"name":"(anonymous_0)","decl":{"start":{"line":4,"column":4},"end":{"line":4,"column":5}},"loc":{"start":{"line":4,"column":19},"end":{"line":12,"column":3}},"line":4}},"branchMap":{},"s":{"0":2,"1":11},"f":{"0":11},"b":{},"_coverageSchema":"1a1c01bbd47fc00a2c39e90264f33305004495a9","hash":"e231ecddb1f9908974605788c9e4bc1570e48072"}
,"C:\\Users\\gamer\\Desktop\\Programas\\Front-End\\react\\create-landing-pages\\client\\src\\components\\Menu\\index.jsx": {"path":"C:\\Users\\gamer\\Desktop\\Programas\\Front-End\\react\\create-landing-pages\\client\\src\\components\\Menu\\index.jsx","statementMap":{"0":{"start":{"line":10,"column":13},"end":{"line":34,"column":1}},"1":{"start":{"line":11,"column":32},"end":{"line":11,"column":47}},"2":{"start":{"line":12,"column":2},"end":{"line":33,"column":4}},"3":{"start":{"line":15,"column":23},"end":{"line":15,"column":50}},"4":{"start":{"line":15,"column":44},"end":{"line":15,"column":49}},"5":{"start":{"line":24,"column":50},"end":{"line":24,"column":67}},"6":{"start":{"line":36,"column":0},"end":{"line":39,"column":2}}},"fnMap":{"0":{"name":"(anonymous_0)","decl":{"start":{"line":10,"column":13},"end":{"line":10,"column":14}},"loc":{"start":{"line":10,"column":43},"end":{"line":34,"column":1}},"line":10},"1":{"name":"(anonymous_1)","decl":{"start":{"line":15,"column":17},"end":{"line":15,"column":18}},"loc":{"start":{"line":15,"column":23},"end":{"line":15,"column":50}},"line":15},"2":{"name":"(anonymous_2)","decl":{"start":{"line":15,"column":34},"end":{"line":15,"column":35}},"loc":{"start":{"line":15,"column":44},"end":{"line":15,"column":49}},"line":15},"3":{"name":"(anonymous_3)","decl":{"start":{"line":24,"column":44},"end":{"line":24,"column":45}},"loc":{"start":{"line":24,"column":50},"end":{"line":24,"column":67}},"line":24}},"branchMap":{"0":{"loc":{"start":{"line":10,"column":16},"end":{"line":10,"column":26}},"type":"default-arg","locations":[{"start":{"line":10,"column":24},"end":{"line":10,"column":26}}],"line":10},"1":{"loc":{"start":{"line":18,"column":9},"end":{"line":22,"column":9}},"type":"cond-expr","locations":[{"start":{"line":19,"column":10},"end":{"line":19,"column":47}},{"start":{"line":21,"column":10},"end":{"line":21,"column":45}}],"line":18}},"s":{"0":1,"1":8,"2":8,"3":3,"4":3,"5":1,"6":1},"f":{"0":8,"1":3,"2":3,"3":1},"b":{"0":[1],"1":[2,6]},"_coverageSchema":"1a1c01bbd47fc00a2c39e90264f33305004495a9","hash":"3523baacc4531af1673690954fd580ca536dd0c1"}
,"C:\\Users\\gamer\\Desktop\\Programas\\Front-End\\react\\create-landing-pages\\client\\src\\components\\Menu\\styles.js": {"path":"C:\\Users\\gamer\\Desktop\\Programas\\Front-End\\react\\create-landing-pages\\client\\src\\components\\Menu\\styles.js","statementMap":{"0":{"start":{"line":6,"column":20},"end":{"line":9,"column":1}},"1":{"start":{"line":6,"column":31},"end":{"line":9,"column":1}},"2":{"start":{"line":11,"column":25},"end":{"line":56,"column":1}},"3":{"start":{"line":12,"column":28},"end":{"line":55,"column":3}},"4":{"start":{"line":58,"column":29},"end":{"line":69,"column":1}},"5":{"start":{"line":59,"column":19},"end":{"line":68,"column":3}},"6":{"start":{"line":71,"column":22},"end":{"line":95,"column":1}},"7":{"start":{"line":72,"column":19},"end":{"line":94,"column":4}}},"fnMap":{"0":{"name":"(anonymous_0)","decl":{"start":{"line":6,"column":20},"end":{"line":6,"column":21}},"loc":{"start":{"line":6,"column":31},"end":{"line":9,"column":1}},"line":6},"1":{"name":"(anonymous_1)","decl":{"start":{"line":12,"column":4},"end":{"line":12,"column":5}},"loc":{"start":{"line":12,"column":28},"end":{"line":55,"column":3}},"line":12},"2":{"name":"(anonymous_2)","decl":{"start":{"line":59,"column":4},"end":{"line":59,"column":5}},"loc":{"start":{"line":59,"column":19},"end":{"line":68,"column":3}},"line":59},"3":{"name":"(anonymous_3)","decl":{"start":{"line":72,"column":4},"end":{"line":72,"column":5}},"loc":{"start":{"line":72,"column":19},"end":{"line":94,"column":4}},"line":72}},"branchMap":{"0":{"loc":{"start":{"line":38,"column":8},"end":{"line":38,"column":37}},"type":"binary-expr","locations":[{"start":{"line":38,"column":8},"end":{"line":38,"column":15}},{"start":{"line":38,"column":19},"end":{"line":38,"column":37}}],"line":38}},"s":{"0":1,"1":2,"2":1,"3":8,"4":1,"5":8,"6":1,"7":8},"f":{"0":2,"1":8,"2":8,"3":8},"b":{"0":[8,2]},"_coverageSchema":"1a1c01bbd47fc00a2c39e90264f33305004495a9","hash":"3b53c7e9e0468b9793eb70919d688ec265d98e79"}
,"C:\\Users\\gamer\\Desktop\\Programas\\Front-End\\react\\create-landing-pages\\client\\src\\components\\MenuLink\\index.jsx": {"path":"C:\\Users\\gamer\\Desktop\\Programas\\Front-End\\react\\create-landing-pages\\client\\src\\components\\MenuLink\\index.jsx","statementMap":{"0":{"start":{"line":4,"column":17},"end":{"line":11,"column":1}},"1":{"start":{"line":5,"column":17},"end":{"line":5,"column":44}},"2":{"start":{"line":6,"column":2},"end":{"line":10,"column":4}},"3":{"start":{"line":13,"column":0},"end":{"line":17,"column":2}}},"fnMap":{"0":{"name":"(anonymous_0)","decl":{"start":{"line":4,"column":17},"end":{"line":4,"column":18}},"loc":{"start":{"line":4,"column":57},"end":{"line":11,"column":1}},"line":4}},"branchMap":{"0":{"loc":{"start":{"line":4,"column":36},"end":{"line":4,"column":50}},"type":"default-arg","locations":[{"start":{"line":4,"column":45},"end":{"line":4,"column":50}}],"line":4},"1":{"loc":{"start":{"line":5,"column":17},"end":{"line":5,"column":44}},"type":"cond-expr","locations":[{"start":{"line":5,"column":26},"end":{"line":5,"column":34}},{"start":{"line":5,"column":37},"end":{"line":5,"column":44}}],"line":5}},"s":{"0":3,"1":103,"2":103,"3":3},"f":{"0":103},"b":{"0":[2],"1":[1,102]},"_coverageSchema":"1a1c01bbd47fc00a2c39e90264f33305004495a9","hash":"9222d7c5805919d4be20a74f1491f421b15da0c8"}
,"C:\\Users\\gamer\\Desktop\\Programas\\Front-End\\react\\create-landing-pages\\client\\src\\components\\MenuLink\\styles.js": {"path":"C:\\Users\\gamer\\Desktop\\Programas\\Front-End\\react\\create-landing-pages\\client\\src\\components\\MenuLink\\styles.js","statementMap":{"0":{"start":{"line":3,"column":25},"end":{"line":26,"column":1}},"1":{"start":{"line":4,"column":19},"end":{"line":25,"column":3}}},"fnMap":{"0":{"name":"(anonymous_0)","decl":{"start":{"line":4,"column":4},"end":{"line":4,"column":5}},"loc":{"start":{"line":4,"column":19},"end":{"line":25,"column":3}},"line":4}},"branchMap":{},"s":{"0":3,"1":103},"f":{"0":103},"b":{},"_coverageSchema":"1a1c01bbd47fc00a2c39e90264f33305004495a9","hash":"7e5a7124203b4fe98dfe901fbe7f996f22772a1a"}
,"C:\\Users\\gamer\\Desktop\\Programas\\Front-End\\react\\create-landing-pages\\client\\src\\components\\NavLinks\\index.jsx": {"path":"C:\\Users\\gamer\\Desktop\\Programas\\Front-End\\react\\create-landing-pages\\client\\src\\components\\NavLinks\\index.jsx","statementMap":{"0":{"start":{"line":5,"column":24},"end":{"line":13,"column":1}},"1":{"start":{"line":6,"column":2},"end":{"line":12,"column":4}},"2":{"start":{"line":9,"column":8},"end":{"line":9,"column":46}},"3":{"start":{"line":15,"column":0},"end":{"line":23,"column":2}}},"fnMap":{"0":{"name":"(anonymous_0)","decl":{"start":{"line":5,"column":24},"end":{"line":5,"column":25}},"loc":{"start":{"line":5,"column":44},"end":{"line":13,"column":1}},"line":5},"1":{"name":"(anonymous_1)","decl":{"start":{"line":8,"column":17},"end":{"line":8,"column":18}},"loc":{"start":{"line":9,"column":8},"end":{"line":9,"column":46}},"line":9}},"branchMap":{"0":{"loc":{"start":{"line":5,"column":27},"end":{"line":5,"column":37}},"type":"default-arg","locations":[{"start":{"line":5,"column":35},"end":{"line":5,"column":37}}],"line":5}},"s":{"0":2,"1":12,"2":100,"3":2},"f":{"0":12,"1":100},"b":{"0":[1]},"_coverageSchema":"1a1c01bbd47fc00a2c39e90264f33305004495a9","hash":"b3eefdeffc5b51b3e97d249907e9518decdedfea"}
,"C:\\Users\\gamer\\Desktop\\Programas\\Front-End\\react\\create-landing-pages\\client\\src\\components\\NavLinks\\styles.js": {"path":"C:\\Users\\gamer\\Desktop\\Programas\\Front-End\\react\\create-landing-pages\\client\\src\\components\\NavLinks\\styles.js","statementMap":{"0":{"start":{"line":3,"column":25},"end":{"line":13,"column":1}},"1":{"start":{"line":4,"column":19},"end":{"line":12,"column":3}}},"fnMap":{"0":{"name":"(anonymous_0)","decl":{"start":{"line":4,"column":4},"end":{"line":4,"column":5}},"loc":{"start":{"line":4,"column":19},"end":{"line":12,"column":3}},"line":4}},"branchMap":{},"s":{"0":2,"1":12},"f":{"0":12},"b":{},"_coverageSchema":"1a1c01bbd47fc00a2c39e90264f33305004495a9","hash":"cdcc3316f7404876967d3df8783e19787ee4b07c"}
,"C:\\Users\\gamer\\Desktop\\Programas\\Front-End\\react\\create-landing-pages\\client\\src\\components\\SectionBackground\\index.jsx": {"path":"C:\\Users\\gamer\\Desktop\\Programas\\Front-End\\react\\create-landing-pages\\client\\src\\components\\SectionBackground\\index.jsx","statementMap":{"0":{"start":{"line":5,"column":33},"end":{"line":15,"column":1}},"1":{"start":{"line":10,"column":2},"end":{"line":14,"column":4}},"2":{"start":{"line":17,"column":0},"end":{"line":21,"column":2}}},"fnMap":{"0":{"name":"(anonymous_0)","decl":{"start":{"line":5,"column":33},"end":{"line":5,"column":34}},"loc":{"start":{"line":9,"column":6},"end":{"line":15,"column":1}},"line":9}},"branchMap":{"0":{"loc":{"start":{"line":7,"column":2},"end":{"line":7,"column":20}},"type":"default-arg","locations":[{"start":{"line":7,"column":15},"end":{"line":7,"column":20}}],"line":7},"1":{"loc":{"start":{"line":8,"column":2},"end":{"line":8,"column":16}},"type":"default-arg","locations":[{"start":{"line":8,"column":14},"end":{"line":8,"column":16}}],"line":8}},"s":{"0":5,"1":9,"2":5},"f":{"0":9},"b":{"0":[1],"1":[2]},"_coverageSchema":"1a1c01bbd47fc00a2c39e90264f33305004495a9","hash":"fcbd87c2833ce619d6eccdf99944fbc42134692e"}
,"C:\\Users\\gamer\\Desktop\\Programas\\Front-End\\react\\create-landing-pages\\client\\src\\components\\SectionBackground\\styles.js": {"path":"C:\\Users\\gamer\\Desktop\\Programas\\Front-End\\react\\create-landing-pages\\client\\src\\components\\SectionBackground\\styles.js","statementMap":{"0":{"start":{"line":3,"column":36},"end":{"line":6,"column":1}},"1":{"start":{"line":3,"column":47},"end":{"line":6,"column":1}},"2":{"start":{"line":8,"column":25},"end":{"line":17,"column":1}},"3":{"start":{"line":9,"column":31},"end":{"line":16,"column":3}}},"fnMap":{"0":{"name":"(anonymous_0)","decl":{"start":{"line":3,"column":36},"end":{"line":3,"column":37}},"loc":{"start":{"line":3,"column":47},"end":{"line":6,"column":1}},"line":3},"1":{"name":"(anonymous_1)","decl":{"start":{"line":9,"column":4},"end":{"line":9,"column":5}},"loc":{"start":{"line":9,"column":31},"end":{"line":16,"column":3}},"line":9}},"branchMap":{"0":{"loc":{"start":{"line":12,"column":6},"end":{"line":12,"column":54}},"type":"binary-expr","locations":[{"start":{"line":12,"column":6},"end":{"line":12,"column":16}},{"start":{"line":12,"column":20},"end":{"line":12,"column":54}}],"line":12}},"s":{"0":5,"1":1,"2":5,"3":9},"f":{"0":1,"1":9},"b":{"0":[9,1]},"_coverageSchema":"1a1c01bbd47fc00a2c39e90264f33305004495a9","hash":"33ae57772d50757944e5c10547b358953b4405e9"}
,"C:\\Users\\gamer\\Desktop\\Programas\\Front-End\\react\\create-landing-pages\\client\\src\\components\\SectionContainer\\index.jsx": {"path":"C:\\Users\\gamer\\Desktop\\Programas\\Front-End\\react\\create-landing-pages\\client\\src\\components\\SectionContainer\\index.jsx","statementMap":{"0":{"start":{"line":4,"column":32},"end":{"line":6,"column":1}},"1":{"start":{"line":5,"column":2},"end":{"line":5,"column":43}},"2":{"start":{"line":8,"column":0},"end":{"line":10,"column":2}}},"fnMap":{"0":{"name":"(anonymous_0)","decl":{"start":{"line":4,"column":32},"end":{"line":4,"column":33}},"loc":{"start":{"line":4,"column":50},"end":{"line":6,"column":1}},"line":4}},"branchMap":{},"s":{"0":8,"1":19,"2":8},"f":{"0":19},"b":{},"_coverageSchema":"1a1c01bbd47fc00a2c39e90264f33305004495a9","hash":"28187680dcf220d971c664fe5a44fbb764df06af"}
,"C:\\Users\\gamer\\Desktop\\Programas\\Front-End\\react\\create-landing-pages\\client\\src\\components\\SectionContainer\\styles.js": {"path":"C:\\Users\\gamer\\Desktop\\Programas\\Front-End\\react\\create-landing-pages\\client\\src\\components\\SectionContainer\\styles.js","statementMap":{"0":{"start":{"line":3,"column":25},"end":{"line":10,"column":1}},"1":{"start":{"line":4,"column":19},"end":{"line":9,"column":3}}},"fnMap":{"0":{"name":"(anonymous_0)","decl":{"start":{"line":4,"column":4},"end":{"line":4,"column":5}},"loc":{"start":{"line":4,"column":19},"end":{"line":9,"column":3}},"line":4}},"branchMap":{},"s":{"0":8,"1":19},"f":{"0":19},"b":{},"_coverageSchema":"1a1c01bbd47fc00a2c39e90264f33305004495a9","hash":"6be05fd2b7f8b7c20c838ba54481fdf95250021b"}
,"C:\\Users\\gamer\\Desktop\\Programas\\Front-End\\react\\create-landing-pages\\client\\src\\components\\TextComponent\\index.jsx": {"path":"C:\\Users\\gamer\\Desktop\\Programas\\Front-End\\react\\create-landing-pages\\client\\src\\components\\TextComponent\\index.jsx","statementMap":{"0":{"start":{"line":4,"column":22},"end":{"line":6,"column":1}},"1":{"start":{"line":5,"column":2},"end":{"line":5,"column":70}},"2":{"start":{"line":8,"column":0},"end":{"line":10,"column":2}}},"fnMap":{"0":{"name":"(anonymous_0)","decl":{"start":{"line":4,"column":22},"end":{"line":4,"column":23}},"loc":{"start":{"line":4,"column":40},"end":{"line":6,"column":1}},"line":4}},"branchMap":{},"s":{"0":6,"1":16,"2":6},"f":{"0":16},"b":{},"_coverageSchema":"1a1c01bbd47fc00a2c39e90264f33305004495a9","hash":"d0e0e56995cc54f07da3e1197c39ebf1c43496e3"}
,"C:\\Users\\gamer\\Desktop\\Programas\\Front-End\\react\\create-landing-pages\\client\\src\\components\\TextComponent\\styles.js": {"path":"C:\\Users\\gamer\\Desktop\\Programas\\Front-End\\react\\create-landing-pages\\client\\src\\components\\TextComponent\\styles.js","statementMap":{"0":{"start":{"line":3,"column":25},"end":{"line":6,"column":1}},"1":{"start":{"line":4,"column":19},"end":{"line":5,"column":43}}},"fnMap":{"0":{"name":"(anonymous_0)","decl":{"start":{"line":4,"column":4},"end":{"line":4,"column":5}},"loc":{"start":{"line":4,"column":19},"end":{"line":5,"column":43}},"line":4}},"branchMap":{},"s":{"0":6,"1":16},"f":{"0":16},"b":{},"_coverageSchema":"1a1c01bbd47fc00a2c39e90264f33305004495a9","hash":"b7d7b200c098cb93ccdb4fa6f06438d19ee740c0"}
}
