TN:
SF:src\api\mapData.js
FN:4,(anonymous_0)
FN:5,(anonymous_1)
FNF:2
FNH:2
FNDA:2,(anonymous_0)
FNDA:2,(anonymous_1)
DA:4,1
DA:5,2
DA:12,2
DA:14,2
LF:4
LH:4
BRDA:4,0,0,1
BRDA:7,1,0,1
BRDA:8,2,0,1
BRDA:9,3,0,1
BRDA:10,4,0,2
BRDA:11,5,0,2
BRF:6
BRH:6
end_of_record
TN:
SF:src\api\mapMenu.js
FN:1,(anonymous_0)
FN:23,(anonymous_1)
FN:24,(anonymous_2)
FNF:3
FNH:0
FNDA:0,(anonymous_0)
FNDA:0,(anonymous_1)
FNDA:0,(anonymous_2)
DA:1,0
DA:12,0
DA:14,0
DA:23,0
DA:24,0
DA:29,0
DA:31,0
LF:7
LH:0
BRDA:1,0,0,0
BRDA:3,1,0,0
BRDA:4,2,0,0
BRDA:5,3,0,0
BRDA:6,4,0,0
BRDA:8,5,0,0
BRDA:11,6,0,0
BRDA:23,7,0,0
BRDA:26,8,0,0
BRDA:27,9,0,0
BRDA:28,10,0,0
BRF:11
BRH:0
end_of_record
TN:
SF:src\api\mapSections.js
FN:1,(anonymous_0)
FN:2,(anonymous_1)
FN:24,(anonymous_2)
FN:43,(anonymous_3)
FN:60,(anonymous_4)
FN:75,(anonymous_5)
FN:85,(anonymous_6)
FN:100,(anonymous_7)
FNF:8
FNH:8
FNDA:7,(anonymous_0)
FNDA:7,(anonymous_1)
FNDA:3,(anonymous_2)
FNDA:3,(anonymous_3)
FNDA:4,(anonymous_4)
FNDA:6,(anonymous_5)
FNDA:3,(anonymous_6)
FNDA:2,(anonymous_7)
DA:1,2
DA:2,7
DA:3,7
DA:4,1
DA:6,6
DA:7,1
DA:10,5
DA:11,4
DA:13,4
DA:14,2
DA:16,2
DA:17,1
DA:20,2
DA:24,2
DA:31,3
DA:33,3
DA:43,2
DA:49,3
DA:51,3
DA:60,2
DA:67,4
DA:69,4
DA:76,6
DA:77,6
DA:85,2
DA:92,3
DA:94,3
DA:102,2
DA:103,2
LF:29
LH:29
BRDA:1,0,0,1
BRDA:3,1,0,1
BRDA:3,1,1,6
BRDA:6,2,0,1
BRDA:6,2,1,5
BRDA:10,3,0,4
BRDA:10,3,1,1
BRDA:11,4,0,2
BRDA:11,5,0,2
BRDA:13,6,0,2
BRDA:13,6,1,2
BRDA:16,7,0,1
BRDA:16,7,1,1
BRDA:24,8,0,1
BRDA:26,9,0,1
BRDA:27,10,0,1
BRDA:28,11,0,1
BRDA:29,12,0,1
BRDA:29,13,0,1
BRDA:29,14,0,1
BRDA:29,15,0,1
BRDA:30,16,0,1
BRDA:30,17,0,1
BRDA:30,18,0,1
BRDA:43,19,0,1
BRDA:45,20,0,1
BRDA:46,21,0,1
BRDA:47,22,0,1
BRDA:48,23,0,1
BRDA:48,24,0,1
BRDA:48,25,0,1
BRDA:60,26,0,1
BRDA:62,27,0,1
BRDA:63,28,0,2
BRDA:64,29,0,2
BRDA:65,30,0,2
BRDA:65,31,0,2
BRDA:65,32,0,2
BRDA:66,33,0,1
BRDA:76,34,0,1
BRDA:76,35,0,1
BRDA:85,36,0,1
BRDA:87,37,0,1
BRDA:88,38,0,2
BRDA:89,39,0,2
BRDA:90,40,0,2
BRDA:90,41,0,2
BRDA:90,42,0,2
BRDA:91,43,0,1
BRDA:101,44,0,0
BRDA:101,45,0,0
BRF:51
BRH:49
end_of_record
TN:
SF:src\api\map_menu.js
FN:1,(anonymous_0)
FN:19,(anonymous_1)
FN:20,(anonymous_2)
FNF:3
FNH:3
FNDA:4,(anonymous_0)
FNDA:6,(anonymous_1)
FNDA:4,(anonymous_2)
DA:1,2
DA:8,4
DA:10,4
DA:19,2
DA:20,6
DA:25,4
DA:27,4
LF:7
LH:7
BRDA:1,0,0,1
BRDA:3,1,0,3
BRDA:4,2,0,3
BRDA:5,3,0,3
BRDA:6,4,0,3
BRDA:6,5,0,3
BRDA:6,6,0,3
BRDA:6,7,0,3
BRDA:7,8,0,3
BRDA:19,9,0,1
BRDA:22,10,0,1
BRDA:23,11,0,1
BRDA:24,12,0,1
BRF:13
BRH:13
end_of_record
TN:
SF:src\components\Footer\index.jsx
FN:6,(anonymous_0)
FNF:1
FNH:1
FNDA:1,(anonymous_0)
DA:6,1
DA:7,1
DA:16,1
LF:3
LH:3
BRF:0
BRH:0
end_of_record
TN:
SF:src\components\Footer\styles.js
FN:6,(anonymous_0)
FNF:1
FNH:1
FNDA:1,(anonymous_0)
DA:5,1
DA:6,1
LF:2
LH:2
BRF:0
BRH:0
end_of_record
TN:
SF:src\components\GoTop\index.jsx
FN:4,(anonymous_0)
FNF:1
FNH:1
FNDA:1,(anonymous_0)
DA:4,1
DA:5,1
LF:2
LH:2
BRF:0
BRH:0
end_of_record
TN:
SF:src\components\GoTop\styles.js
FN:4,(anonymous_0)
FNF:1
FNH:1
FNDA:1,(anonymous_0)
DA:3,1
DA:4,1
LF:2
LH:2
BRF:0
BRH:0
end_of_record
TN:
SF:src\components\GridContent\index.jsx
FN:7,(anonymous_0)
FNF:1
FNH:1
FNDA:2,(anonymous_0)
DA:7,1
DA:8,2
DA:22,1
LF:3
LH:3
BRDA:7,0,0,2
BRDA:7,1,0,2
BRF:2
BRH:2
end_of_record
TN:
SF:src\components\GridContent\styles.js
FN:4,(anonymous_0)
FN:12,(anonymous_1)
FNF:2
FNH:2
FNDA:2,(anonymous_0)
FNDA:2,(anonymous_1)
DA:3,1
DA:4,2
DA:11,1
DA:12,2
LF:4
LH:4
BRF:0
BRH:0
end_of_record
TN:
SF:src\components\GridImage\index.jsx
FN:7,(anonymous_0)
FN:22,(anonymous_1)
FNF:2
FNH:2
FNDA:2,(anonymous_0)
FNDA:12,(anonymous_1)
DA:7,1
DA:14,2
DA:23,12
DA:33,1
LF:4
LH:4
BRDA:11,0,0,1
BRDA:12,1,0,2
BRF:2
BRH:2
end_of_record
TN:
SF:src\components\GridImage\styles.js
FN:6,(anonymous_0)
FN:14,(anonymous_1)
FN:26,(anonymous_2)
FN:32,(anonymous_3)
FNF:4
FNH:4
FNDA:2,(anonymous_0)
FNDA:2,(anonymous_1)
FNDA:12,(anonymous_2)
FNDA:12,(anonymous_3)
DA:5,1
DA:6,2
DA:13,1
DA:14,2
DA:25,1
DA:26,12
DA:31,1
DA:32,12
LF:8
LH:8
BRF:0
BRH:0
end_of_record
TN:
SF:src\components\GridText\index.jsx
FN:7,(anonymous_0)
FN:22,(anonymous_1)
FNF:2
FNH:2
FNDA:2,(anonymous_0)
FNDA:6,(anonymous_1)
DA:7,1
DA:14,2
DA:23,6
DA:36,1
LF:4
LH:4
BRDA:11,0,0,1
BRDA:12,1,0,2
BRF:2
BRH:2
end_of_record
TN:
SF:src\components\GridText\styles.js
FN:6,(anonymous_0)
FN:14,(anonymous_1)
FN:29,(anonymous_2)
FNF:3
FNH:3
FNDA:2,(anonymous_0)
FNDA:2,(anonymous_1)
FNDA:6,(anonymous_2)
DA:5,1
DA:6,2
DA:13,1
DA:14,2
DA:28,1
DA:29,6
LF:6
LH:6
BRF:0
BRH:0
end_of_record
TN:
SF:src\components\GridTwoColumns\index.jsx
FN:7,(anonymous_0)
FNF:1
FNH:1
FNDA:1,(anonymous_0)
DA:7,1
DA:14,1
DA:31,1
LF:3
LH:3
BRDA:11,0,0,1
BRDA:12,1,0,1
BRF:2
BRH:2
end_of_record
TN:
SF:src\components\GridTwoColumns\styles.js
FN:5,(anonymous_0)
FN:23,(anonymous_1)
FNF:2
FNH:2
FNDA:1,(anonymous_0)
FNDA:1,(anonymous_1)
DA:4,1
DA:5,1
DA:22,1
DA:23,1
DA:30,1
DA:32,1
LF:6
LH:6
BRF:0
BRH:0
end_of_record
TN:
SF:src\components\Heading\index.jsx
FN:4,(anonymous_0)
FNF:1
FNH:1
FNDA:33,(anonymous_0)
DA:4,7
DA:11,33
DA:18,7
LF:3
LH:3
BRDA:6,0,0,19
BRDA:7,1,0,19
BRDA:8,2,0,7
BRDA:9,3,0,14
BRF:4
BRH:4
end_of_record
TN:
SF:src\components\Heading\styles.js
FN:4,(anonymous_0)
FN:7,(anonymous_1)
FN:10,(anonymous_2)
FN:13,(anonymous_3)
FN:19,(anonymous_4)
FN:25,(anonymous_5)
FN:30,(anonymous_6)
FNF:7
FNH:7
FNDA:18,(anonymous_0)
FNDA:1,(anonymous_1)
FNDA:1,(anonymous_2)
FNDA:13,(anonymous_3)
FNDA:13,(anonymous_4)
FNDA:33,(anonymous_5)
FNDA:33,(anonymous_6)
DA:3,7
DA:4,18
DA:7,1
DA:10,1
DA:13,13
DA:19,13
DA:25,33
DA:29,7
DA:30,33
LF:9
LH:9
BRDA:26,0,0,19
BRDA:26,0,1,14
BRDA:31,1,0,32
BRDA:31,1,1,1
BRF:4
BRH:4
end_of_record
TN:
SF:src\components\LogoLink\index.jsx
FN:5,(anonymous_0)
FNF:1
FNH:1
FNDA:11,(anonymous_0)
DA:5,2
DA:6,11
DA:16,2
LF:3
LH:3
BRDA:5,0,0,9
BRDA:9,1,0,11
BRDA:9,1,1,2
BRDA:10,2,0,11
BRDA:10,2,1,9
BRF:5
BRH:5
end_of_record
TN:
SF:src\components\LogoLink\styles.js
FN:4,(anonymous_0)
FNF:1
FNH:1
FNDA:11,(anonymous_0)
DA:3,2
DA:4,11
LF:2
LH:2
BRF:0
BRH:0
end_of_record
TN:
SF:src\components\Menu\index.jsx
FN:10,(anonymous_0)
FN:15,(anonymous_1)
FN:15,(anonymous_2)
FN:24,(anonymous_3)
FNF:4
FNH:4
FNDA:8,(anonymous_0)
FNDA:3,(anonymous_1)
FNDA:3,(anonymous_2)
FNDA:1,(anonymous_3)
DA:10,1
DA:11,8
DA:12,8
DA:15,3
DA:24,1
DA:36,1
LF:6
LH:6
BRDA:10,0,0,1
BRDA:18,1,0,2
BRDA:18,1,1,6
BRF:3
BRH:3
end_of_record
TN:
SF:src\components\Menu\styles.js
FN:6,(anonymous_0)
FN:12,(anonymous_1)
FN:59,(anonymous_2)
FN:72,(anonymous_3)
FNF:4
FNH:4
FNDA:2,(anonymous_0)
FNDA:8,(anonymous_1)
FNDA:8,(anonymous_2)
FNDA:8,(anonymous_3)
DA:6,2
DA:11,1
DA:12,8
DA:58,1
DA:59,8
DA:71,1
DA:72,8
LF:7
LH:7
BRDA:38,0,0,8
BRDA:38,0,1,2
BRF:2
BRH:2
end_of_record
TN:
SF:src\components\MenuLink\index.jsx
FN:4,(anonymous_0)
FNF:1
FNH:1
FNDA:103,(anonymous_0)
DA:4,3
DA:5,103
DA:6,103
DA:13,3
LF:4
LH:4
BRDA:4,0,0,2
BRDA:5,1,0,1
BRDA:5,1,1,102
BRF:3
BRH:3
end_of_record
TN:
SF:src\components\MenuLink\styles.js
FN:4,(anonymous_0)
FNF:1
FNH:1
FNDA:103,(anonymous_0)
DA:3,3
DA:4,103
LF:2
LH:2
BRF:0
BRH:0
end_of_record
TN:
SF:src\components\NavLinks\index.jsx
FN:5,(anonymous_0)
FN:8,(anonymous_1)
FNF:2
FNH:2
FNDA:12,(anonymous_0)
FNDA:100,(anonymous_1)
DA:5,2
DA:6,12
DA:9,100
DA:15,2
LF:4
LH:4
BRDA:5,0,0,1
BRF:1
BRH:1
end_of_record
TN:
SF:src\components\NavLinks\styles.js
FN:4,(anonymous_0)
FNF:1
FNH:1
FNDA:12,(anonymous_0)
DA:3,2
DA:4,12
LF:2
LH:2
BRF:0
BRH:0
end_of_record
TN:
SF:src\components\SectionBackground\index.jsx
FN:5,(anonymous_0)
FNF:1
FNH:1
FNDA:9,(anonymous_0)
DA:5,5
DA:10,9
DA:17,5
LF:3
LH:3
BRDA:7,0,0,1
BRDA:8,1,0,2
BRF:2
BRH:2
end_of_record
TN:
SF:src\components\SectionBackground\styles.js
FN:3,(anonymous_0)
FN:9,(anonymous_1)
FNF:2
FNH:2
FNDA:1,(anonymous_0)
FNDA:9,(anonymous_1)
DA:3,5
DA:8,5
DA:9,9
LF:3
LH:3
BRDA:12,0,0,9
BRDA:12,0,1,1
BRF:2
BRH:2
end_of_record
TN:
SF:src\components\SectionContainer\index.jsx
FN:4,(anonymous_0)
FNF:1
FNH:1
FNDA:19,(anonymous_0)
DA:4,8
DA:5,19
DA:8,8
LF:3
LH:3
BRF:0
BRH:0
end_of_record
TN:
SF:src\components\SectionContainer\styles.js
FN:4,(anonymous_0)
FNF:1
FNH:1
FNDA:19,(anonymous_0)
DA:3,8
DA:4,19
LF:2
LH:2
BRF:0
BRH:0
end_of_record
TN:
SF:src\components\TextComponent\index.jsx
FN:4,(anonymous_0)
FNF:1
FNH:1
FNDA:16,(anonymous_0)
DA:4,6
DA:5,16
DA:8,6
LF:3
LH:3
BRF:0
BRH:0
end_of_record
TN:
SF:src\components\TextComponent\styles.js
FN:4,(anonymous_0)
FNF:1
FNH:1
FNDA:16,(anonymous_0)
DA:3,6
DA:4,16
LF:2
LH:2
BRF:0
BRH:0
end_of_record
