TN:
SF:src\components\Footer\index.jsx
FN:6,(anonymous_0)
FNF:1
FNH:1
FNDA:3,(anonymous_0)
DA:6,3
DA:7,3
DA:16,3
LF:3
LH:3
BRF:0
BRH:0
end_of_record
TN:
SF:src\components\Footer\styles.js
FN:6,(anonymous_0)
FNF:1
FNH:1
FNDA:3,(anonymous_0)
DA:5,3
DA:6,3
LF:2
LH:2
BRF:0
BRH:0
end_of_record
TN:
SF:src\components\GoTop\index.jsx
FN:4,(anonymous_0)
FNF:1
FNH:1
FNDA:3,(anonymous_0)
DA:4,3
DA:5,3
LF:2
LH:2
BRF:0
BRH:0
end_of_record
TN:
SF:src\components\GoTop\styles.js
FN:4,(anonymous_0)
FNF:1
FNH:1
FNDA:3,(anonymous_0)
DA:3,3
DA:4,3
LF:2
LH:2
BRF:0
BRH:0
end_of_record
TN:
SF:src\components\GridContent\index.jsx
FN:7,(anonymous_0)
FNF:1
FNH:1
FNDA:2,(anonymous_0)
DA:7,1
DA:8,2
DA:22,1
LF:3
LH:3
BRDA:7,0,0,2
BRF:1
BRH:1
end_of_record
TN:
SF:src\components\GridContent\styles.js
FN:4,(anonymous_0)
FN:12,(anonymous_1)
FNF:2
FNH:2
FNDA:2,(anonymous_0)
FNDA:2,(anonymous_1)
DA:3,1
DA:4,2
DA:11,1
DA:12,2
LF:4
LH:4
BRF:0
BRH:0
end_of_record
TN:
SF:src\components\GridImage\index.jsx
FN:7,(anonymous_0)
FN:16,(anonymous_1)
FNF:2
FNH:2
FNDA:2,(anonymous_0)
FNDA:12,(anonymous_1)
DA:7,1
DA:8,2
DA:17,12
DA:27,1
LF:4
LH:4
BRDA:7,0,0,1
BRF:1
BRH:1
end_of_record
TN:
SF:src\components\GridImage\styles.js
FN:6,(anonymous_0)
FN:15,(anonymous_1)
FN:23,(anonymous_2)
FN:29,(anonymous_3)
FNF:4
FNH:4
FNDA:2,(anonymous_0)
FNDA:2,(anonymous_1)
FNDA:12,(anonymous_2)
FNDA:12,(anonymous_3)
DA:5,1
DA:6,2
DA:14,1
DA:15,2
DA:22,1
DA:23,12
DA:28,1
DA:29,12
LF:8
LH:8
BRF:0
BRH:0
end_of_record
TN:
SF:src\components\GridText\index.jsx
FN:7,(anonymous_0)
FN:16,(anonymous_1)
FNF:2
FNH:2
FNDA:14,(anonymous_0)
FNDA:42,(anonymous_1)
DA:7,3
DA:8,14
DA:17,42
DA:30,3
LF:4
LH:4
BRDA:7,0,0,1
BRF:1
BRH:1
end_of_record
TN:
SF:src\components\GridText\styles.js
FN:6,(anonymous_0)
FN:14,(anonymous_1)
FN:29,(anonymous_2)
FNF:3
FNH:3
FNDA:14,(anonymous_0)
FNDA:14,(anonymous_1)
FNDA:42,(anonymous_2)
DA:5,3
DA:6,14
DA:13,3
DA:14,14
DA:28,3
DA:29,42
LF:6
LH:6
BRF:0
BRH:0
end_of_record
TN:
SF:src\components\GridTwoColumns\index.jsx
FN:7,(anonymous_0)
FNF:1
FNH:1
FNDA:1,(anonymous_0)
DA:7,1
DA:8,1
DA:25,1
LF:3
LH:3
BRDA:7,0,0,1
BRF:1
BRH:1
end_of_record
TN:
SF:src\components\GridTwoColumns\styles.js
FN:5,(anonymous_0)
FN:23,(anonymous_1)
FNF:2
FNH:2
FNDA:1,(anonymous_0)
FNDA:1,(anonymous_1)
DA:4,1
DA:5,1
DA:22,1
DA:23,1
DA:30,1
DA:32,1
LF:6
LH:6
BRF:0
BRH:0
end_of_record
TN:
SF:src\components\Heading\index.jsx
FN:4,(anonymous_0)
FNF:1
FNH:1
FNDA:83,(anonymous_0)
DA:4,9
DA:11,83
DA:18,9
LF:3
LH:3
BRDA:6,0,0,21
BRDA:7,1,0,21
BRDA:8,2,0,7
BRDA:9,3,0,50
BRF:4
BRH:4
end_of_record
TN:
SF:src\components\Heading\styles.js
FN:4,(anonymous_0)
FN:7,(anonymous_1)
FN:10,(anonymous_2)
FN:13,(anonymous_3)
FN:19,(anonymous_4)
FN:25,(anonymous_5)
FN:30,(anonymous_6)
FNF:7
FNH:7
FNDA:56,(anonymous_0)
FNDA:1,(anonymous_1)
FNDA:1,(anonymous_2)
FNDA:25,(anonymous_3)
FNDA:25,(anonymous_4)
FNDA:83,(anonymous_5)
FNDA:83,(anonymous_6)
DA:3,9
DA:4,56
DA:7,1
DA:10,1
DA:13,25
DA:19,25
DA:25,83
DA:29,9
DA:30,83
LF:9
LH:9
BRDA:26,0,0,33
BRDA:26,0,1,50
BRDA:31,1,0,58
BRDA:31,1,1,25
BRF:4
BRH:4
end_of_record
TN:
SF:src\components\LogoLink\index.jsx
FN:5,(anonymous_0)
FNF:1
FNH:1
FNDA:13,(anonymous_0)
DA:5,4
DA:6,13
DA:16,4
LF:3
LH:3
BRDA:5,0,0,11
BRDA:9,1,0,13
BRDA:9,1,1,2
BRDA:10,2,0,13
BRDA:10,2,1,11
BRF:5
BRH:5
end_of_record
TN:
SF:src\components\LogoLink\styles.js
FN:4,(anonymous_0)
FNF:1
FNH:1
FNDA:13,(anonymous_0)
DA:3,4
DA:4,13
LF:2
LH:2
BRF:0
BRH:0
end_of_record
TN:
SF:src\components\Menu\index.jsx
FN:10,(anonymous_0)
FN:15,(anonymous_1)
FN:15,(anonymous_2)
FN:24,(anonymous_3)
FNF:4
FNH:4
FNDA:10,(anonymous_0)
FNDA:3,(anonymous_1)
FNDA:3,(anonymous_2)
FNDA:1,(anonymous_3)
DA:10,3
DA:11,10
DA:12,10
DA:15,3
DA:24,1
DA:36,3
LF:6
LH:6
BRDA:10,0,0,1
BRDA:18,1,0,2
BRDA:18,1,1,8
BRF:3
BRH:3
end_of_record
TN:
SF:src\components\Menu\styles.js
FN:6,(anonymous_0)
FN:12,(anonymous_1)
FN:59,(anonymous_2)
FN:72,(anonymous_3)
FNF:4
FNH:4
FNDA:2,(anonymous_0)
FNDA:10,(anonymous_1)
FNDA:10,(anonymous_2)
FNDA:10,(anonymous_3)
DA:6,3
DA:11,3
DA:12,10
DA:58,3
DA:59,10
DA:71,3
DA:72,10
LF:7
LH:7
BRDA:38,0,0,10
BRDA:38,0,1,2
BRF:2
BRH:2
end_of_record
TN:
SF:src\components\MenuLink\index.jsx
FN:4,(anonymous_0)
FNF:1
FNH:1
FNDA:123,(anonymous_0)
DA:4,5
DA:5,123
DA:6,123
DA:13,5
LF:4
LH:4
BRDA:4,0,0,2
BRDA:5,1,0,1
BRDA:5,1,1,122
BRF:3
BRH:3
end_of_record
TN:
SF:src\components\MenuLink\styles.js
FN:4,(anonymous_0)
FNF:1
FNH:1
FNDA:123,(anonymous_0)
DA:3,5
DA:4,123
LF:2
LH:2
BRF:0
BRH:0
end_of_record
TN:
SF:src\components\NavLinks\index.jsx
FN:5,(anonymous_0)
FN:8,(anonymous_1)
FNF:2
FNH:2
FNDA:14,(anonymous_0)
FNDA:120,(anonymous_1)
DA:5,4
DA:6,14
DA:9,120
DA:15,4
LF:4
LH:4
BRDA:5,0,0,1
BRF:1
BRH:1
end_of_record
TN:
SF:src\components\NavLinks\styles.js
FN:4,(anonymous_0)
FNF:1
FNH:1
FNDA:14,(anonymous_0)
DA:3,4
DA:4,14
LF:2
LH:2
BRF:0
BRH:0
end_of_record
TN:
SF:src\components\SectionBackground\index.jsx
FN:5,(anonymous_0)
FNF:1
FNH:1
FNDA:21,(anonymous_0)
DA:5,7
DA:6,21
DA:13,7
LF:3
LH:3
BRDA:5,0,0,1
BRF:1
BRH:1
end_of_record
TN:
SF:src\components\SectionBackground\styles.js
FN:3,(anonymous_0)
FN:9,(anonymous_1)
FNF:2
FNH:2
FNDA:7,(anonymous_0)
FNDA:21,(anonymous_1)
DA:3,7
DA:8,7
DA:9,21
LF:3
LH:3
BRDA:12,0,0,21
BRDA:12,0,1,7
BRF:2
BRH:2
end_of_record
TN:
SF:src\components\SectionContainer\index.jsx
FN:4,(anonymous_0)
FNF:1
FNH:1
FNDA:35,(anonymous_0)
DA:4,10
DA:5,35
DA:8,10
LF:3
LH:3
BRF:0
BRH:0
end_of_record
TN:
SF:src\components\SectionContainer\styles.js
FN:4,(anonymous_0)
FNF:1
FNH:1
FNDA:35,(anonymous_0)
DA:3,10
DA:4,35
LF:2
LH:2
BRF:0
BRH:0
end_of_record
TN:
SF:src\components\TextComponent\index.jsx
FN:4,(anonymous_0)
FNF:1
FNH:1
FNDA:66,(anonymous_0)
DA:4,8
DA:5,66
DA:8,8
LF:3
LH:3
BRF:0
BRH:0
end_of_record
TN:
SF:src\components\TextComponent\styles.js
FN:4,(anonymous_0)
FNF:1
FNH:1
FNDA:66,(anonymous_0)
DA:3,8
DA:4,66
LF:2
LH:2
BRF:0
BRH:0
end_of_record
